#
# A fatal error has been detected by the Java Runtime Environment:
#
#  EXCEPTION_ACCESS_VIOLATION (0xc0000005) at pc=0x0000000000000000, pid=16296, tid=25492
#
# JRE version: OpenJDK Runtime Environment (19.0.1+10) (build 19.0.1+10-21)
# Java VM: OpenJDK 64-Bit Server VM (19.0.1+10-21, mixed mode, sharing, tiered, compressed oops, compressed class ptrs, g1 gc, windows-amd64)
# Problematic frame:
# C  0x0000000000000000
#
# No core dump will be written. Minidumps are not enabled by default on client versions of Windows
#
# If you would like to submit a bug report, please visit:
#   https://bugreport.java.com/bugreport/crash.jsp
# The crash happened outside the Java Virtual Machine in native code.
# See problematic frame for where to report the bug.
#

---------------  S U M M A R Y ------------

Command Line: -agentlib:jdwp=transport=dt_socket,server=n,suspend=y,address=127.0.0.1:50662 -Dfile.encoding=windows-1256 -Duser.country=SA -Duser.language=ar -Duser.variant Main

Host: 11th Gen Intel(R) Core(TM) i7-1165G7 @ 2.80GHz, 8 cores, 15G,  Windows 11 , 64 bit Build 26100 (10.0.26100.3775)
Time: Thu May  8 20:54:23 2025  Windows 11 , 64 bit Build 26100 (10.0.26100.3775) elapsed time: 0.166899 seconds (0d 0h 0m 0s)

---------------  T H R E A D  ---------------

Current thread (0x000001f7c03c8900):  JavaThread "main" [_thread_in_native, id=25492, stack(0x000000aad9c00000,0x000000aad9d00000)]

Stack: [0x000000aad9c00000,0x000000aad9d00000],  sp=0x000000aad9cfea18,  free space=1018k
Native frames: (J=compiled Java code, j=interpreted, Vv=VM code, C=native code)

Java frames: (J=compiled Java code, j=interpreted, Vv=VM code)
j  jdk.internal.reflect.MethodHandleAccessorFactory.newFieldAccessor(Ljava/lang/reflect/Field;Z)Ljdk/internal/reflect/FieldAccessorImpl;+170 java.base@19.0.1
j  jdk.internal.reflect.ReflectionFactory.newFieldAccessor(Ljava/lang/reflect/Field;Z)Ljdk/internal/reflect/FieldAccessor;+82 java.base@19.0.1
j  java.lang.reflect.Field.acquireFieldAccessor()Ljdk/internal/reflect/FieldAccessor;+35 java.base@19.0.1
j  java.lang.reflect.Field.getFieldAccessor()Ljdk/internal/reflect/FieldAccessor;+14 java.base@19.0.1
j  java.lang.reflect.Field.getInt(Ljava/lang/Object;)I+18 java.base@19.0.1
j  org.lwjgl.system.APIUtil.apiClassTokens(Ljava/util/function/BiPredicate;Ljava/util/Map;[Ljava/lang/Class;)Ljava/util/Map;+104
j  org.lwjgl.glfw.GLFWErrorCallback$1.<init>(Ljava/io/PrintStream;)V+25
j  org.lwjgl.glfw.GLFWErrorCallback.createPrint(Ljava/io/PrintStream;)Lorg/lwjgl/glfw/GLFWErrorCallback;+5
j  Window.create(Ljava/lang/String;)V+3
j  Main.main([Ljava/lang/String;)V+5
v  ~StubRoutines::call_stub 0x000001f7cf8b10e8

siginfo: EXCEPTION_ACCESS_VIOLATION (0xc0000005), data execution prevention violation at address 0x0000000000000000


Registers:
RAX=0x000001f7e84f41b0, RBX=0x000001f7be96c150, RCX=0x000001f7c03c8be0, RDX=0x000001f7be96c150
RSP=0x000000aad9cfea18, RBP=0x0000000000000002, RSI=0x000000aad9cfeac0, RDI=0x000001f7c03c8be0
R8 =0x0000000000010002, R9 =0x0000000000000000, R10=0x00007ffe0e790000, R11=0x000000aad9cfe9e8
R12=0x0000000000000007, R13=0x000001f7bea26140, R14=0x00007ffe04ec0300, R15=0x0000000000000000
RIP=0x0000000000000000, EFLAGS=0x0000000000010202


Register to memory mapping:

RIP=0x0 is NULL
RAX=0x000001f7e84f41b0 points into unknown readable memory: 0x0000000000000000 | 00 00 00 00 00 00 00 00
RBX=0x000001f7be96c150 points into unknown readable memory: 0x0000000712e0a4b0 | b0 a4 e0 12 07 00 00 00
RCX=0x000001f7c03c8be0 points into unknown readable memory: 0x000001f7e84f41b0 | b0 41 4f e8 f7 01 00 00
RDX=0x000001f7be96c150 points into unknown readable memory: 0x0000000712e0a4b0 | b0 a4 e0 12 07 00 00 00
RSP=0x000000aad9cfea18 is pointing into the stack for thread: 0x000001f7c03c8900
RBP=0x0000000000000002 is an unknown value
RSI=0x000000aad9cfeac0 is pointing into the stack for thread: 0x000001f7c03c8900
RDI=0x000001f7c03c8be0 points into unknown readable memory: 0x000001f7e84f41b0 | b0 41 4f e8 f7 01 00 00
R8 =0x0000000000010002 is an unknown value
R9 =0x0 is NULL
R10=0x00007ffe0e790000 VCRUNTIME140.dll
R11=0x000000aad9cfe9e8 is pointing into the stack for thread: 0x000001f7c03c8900
R12=0x0000000000000007 is an unknown value
R13=0x000001f7bea26140 points into unknown readable memory: 0x00007ffd5dda8ff0 | f0 8f da 5d fd 7f 00 00
R14=0x00007ffe04ec0300 jdwp.dll
R15=0x0 is NULL


Top of Stack: (sp=0x000000aad9cfea18)
0x000000aad9cfea18:   00007ffe04ea5bd1 000001f7be96c150
0x000000aad9cfea28:   000000aad9cfeac0 0000000000000000
0x000000aad9cfea38:   0000000000000000 00007ffd5dd8ecd0
0x000000aad9cfea48:   0000000000006394 000001f7be96c150
0x000000aad9cfea58:   00007ffe04ec0328 0000000000000000
0x000000aad9cfea68:   00007ffe04ea272f 000001f7be96c150
0x000000aad9cfea78:   0000000000000002 000001f7c03c8be0
0x000000aad9cfea88:   000001f7be96c158 00000039e84a0000
0x000000aad9cfea98:   00007ffd5d4d685f 0000000000000000
0x000000aad9cfeaa8:   00000008001de828 000000aad9cfeb10
0x000000aad9cfeab8:   00007ffd5d4da286 0000000000000007
0x000000aad9cfeac8:   000001f7be96c150 0000000000000000
0x000000aad9cfead8:   000001f7be96c158 0000000000000000
0x000000aad9cfeae8:   0000000000000000 0000000000000000
0x000000aad9cfeaf8:   0000000000000000 0000000000000000
0x000000aad9cfeb08:   0000000000000000 0000000000000000 

Instructions: (pc=0x0000000000000000)
0xffffffffffffff00:   


Stack slot to memory mapping:
stack at sp + 0 slots: 0x00007ffe04ea5bd1 jdwp.dll
stack at sp + 1 slots: 0x000001f7be96c150 points into unknown readable memory: 0x0000000712e0a4b0 | b0 a4 e0 12 07 00 00 00
stack at sp + 2 slots: 0x000000aad9cfeac0 is pointing into the stack for thread: 0x000001f7c03c8900
stack at sp + 3 slots: 0x0 is NULL
stack at sp + 4 slots: 0x0 is NULL
stack at sp + 5 slots: 0x00007ffd5dd8ecd0 jvm.dll
stack at sp + 6 slots: 0x0000000000006394 is an unknown value
stack at sp + 7 slots: 0x000001f7be96c150 points into unknown readable memory: 0x0000000712e0a4b0 | b0 a4 e0 12 07 00 00 00


---------------  P R O C E S S  ---------------

Threads class SMR info:
_java_thread_list=0x000001f7e82a54b0, length=15, elements={
0x000001f7c03c8900, 0x000001f7e38d3d50, 0x000001f7e38d4880, 0x000001f7e8116810,
0x000001f7e38dd6c0, 0x000001f7e38ddff0, 0x000001f7e38de920, 0x000001f7e811efa0,
0x000001f7e8127970, 0x000001f7e812c130, 0x000001f7e826b270, 0x000001f7e826c1f0,
0x000001f7e8288830, 0x000001f7e828cce0, 0x000001f7e828d4d0
}

Java Threads: ( => current thread )
=>0x000001f7c03c8900 JavaThread "main" [_thread_in_native, id=25492, stack(0x000000aad9c00000,0x000000aad9d00000)]
  0x000001f7e38d3d50 JavaThread "Reference Handler" daemon [_thread_blocked, id=25924, stack(0x000000aada300000,0x000000aada400000)]
  0x000001f7e38d4880 JavaThread "Finalizer" daemon [_thread_blocked, id=26152, stack(0x000000aada400000,0x000000aada500000)]
  0x000001f7e8116810 JavaThread "Signal Dispatcher" daemon [_thread_blocked, id=7476, stack(0x000000aada500000,0x000000aada600000)]
  0x000001f7e38dd6c0 JavaThread "Attach Listener" daemon [_thread_blocked, id=14644, stack(0x000000aada600000,0x000000aada700000)]
  0x000001f7e38ddff0 JavaThread "Service Thread" daemon [_thread_blocked, id=26468, stack(0x000000aada700000,0x000000aada800000)]
  0x000001f7e38de920 JavaThread "Monitor Deflation Thread" daemon [_thread_blocked, id=20600, stack(0x000000aada800000,0x000000aada900000)]
  0x000001f7e811efa0 JavaThread "C2 CompilerThread0" daemon [_thread_blocked, id=26104, stack(0x000000aada900000,0x000000aadaa00000)]
  0x000001f7e8127970 JavaThread "C1 CompilerThread0" daemon [_thread_blocked, id=21592, stack(0x000000aadaa00000,0x000000aadab00000)]
  0x000001f7e812c130 JavaThread "Sweeper thread" daemon [_thread_blocked, id=12156, stack(0x000000aadab00000,0x000000aadac00000)]
  0x000001f7e826b270 JavaThread "JDWP Transport Listener: dt_socket" daemon [_thread_blocked, id=10932, stack(0x000000aadac00000,0x000000aadad00000)]
  0x000001f7e826c1f0 JavaThread "JDWP Event Helper Thread" daemon [_thread_blocked, id=16288, stack(0x000000aadad00000,0x000000aadae00000)]
  0x000001f7e8288830 JavaThread "JDWP Command Reader" daemon [_thread_in_native, id=10084, stack(0x000000aadae00000,0x000000aadaf00000)]
  0x000001f7e828cce0 JavaThread "Notification Thread" daemon [_thread_blocked, id=12568, stack(0x000000aadaf00000,0x000000aadb000000)]
  0x000001f7e828d4d0 JavaThread "Common-Cleaner" daemon [_thread_blocked, id=26744, stack(0x000000aadb100000,0x000000aadb200000)]

Other Threads:
  0x000001f7e38be460 VMThread "VM Thread" [stack: 0x000000aada200000,0x000000aada300000] [id=26016]
  0x000001f7e828d220 WatcherThread "VM Periodic Task Thread" [stack: 0x000000aadb000000,0x000000aadb100000] [id=26532]
  0x000001f7c0436740 WorkerThread "GC Thread#0" [stack: 0x000000aad9d00000,0x000000aad9e00000] [id=24728]
  0x000001f7c0447370 ConcurrentGCThread "G1 Main Marker" [stack: 0x000000aad9e00000,0x000000aad9f00000] [id=24844]
  0x000001f7c0449480 WorkerThread "G1 Conc#0" [stack: 0x000000aad9f00000,0x000000aada000000] [id=18140]
  0x000001f7c047e2b0 ConcurrentGCThread "G1 Refine#0" [stack: 0x000000aada000000,0x000000aada100000] [id=16604]
  0x000001f7e37694a0 ConcurrentGCThread "G1 Service" [stack: 0x000000aada100000,0x000000aada200000] [id=25968]

Threads with active compile tasks:

VM state: not at safepoint (normal execution)

VM Mutex/Monitor currently owned by a thread: None

Heap address: 0x0000000703200000, size: 4046 MB, Compressed Oops mode: Zero based, Oop shift amount: 3

CDS archive(s) mapped at: [0x0000000800000000-0x0000000800c30000-0x0000000800c30000), size 12779520, SharedBaseAddress: 0x0000000800000000, ArchiveRelocationMode: 0.
Compressed class space mapped at: 0x0000000801000000-0x0000000841000000, reserved size: 1073741824
Narrow klass base: 0x0000000800000000, Narrow klass shift: 0, Narrow klass range: 0x100000000

GC Precious Log:
 CardTable entry size: 512
 Card Set container configuration: InlinePtr #cards 4 size 8 Array Of Cards #cards 16 size 48 Howl #buckets 8 coarsen threshold 3686 Howl Bitmap #cards 512 size 80 coarsen threshold 460 Card regions per heap region 1 cards per card region 4096
 CPUs: 8 total, 8 available
 Memory: 16183M
 Large Page Support: Disabled
 NUMA Support: Disabled
 Compressed Oops: Enabled (Zero based)
 Heap Region Size: 2M
 Heap Min Capacity: 8M
 Heap Initial Capacity: 254M
 Heap Max Capacity: 4046M
 Pre-touch: Disabled
 Parallel Workers: 8
 Concurrent Workers: 2
 Concurrent Refinement Workers: 8
 Periodic GC: Disabled

Heap:
 garbage-first heap   total 260096K, used 4096K [0x0000000703200000, 0x0000000800000000)
  region size 2048K, 3 young (6144K), 0 survivors (0K)
 Metaspace       used 1833K, committed 2048K, reserved 1114112K
  class space    used 141K, committed 256K, reserved 1048576K

Heap Regions: E=young(eden), S=young(survivor), O=old, HS=humongous(starts), HC=humongous(continues), CS=collection set, F=free, OA=open archive, CA=closed archive, TAMS=top-at-mark-start (previous, next)
|   0|0x0000000703200000, 0x0000000703200000, 0x0000000703400000|  0%| F|  |TAMS 0x0000000703200000, 0x0000000703200000| Untracked 
|   1|0x0000000703400000, 0x0000000703400000, 0x0000000703600000|  0%| F|  |TAMS 0x0000000703400000, 0x0000000703400000| Untracked 
|   2|0x0000000703600000, 0x0000000703600000, 0x0000000703800000|  0%| F|  |TAMS 0x0000000703600000, 0x0000000703600000| Untracked 
|   3|0x0000000703800000, 0x0000000703800000, 0x0000000703a00000|  0%| F|  |TAMS 0x0000000703800000, 0x0000000703800000| Untracked 
|   4|0x0000000703a00000, 0x0000000703a00000, 0x0000000703c00000|  0%| F|  |TAMS 0x0000000703a00000, 0x0000000703a00000| Untracked 
|   5|0x0000000703c00000, 0x0000000703c00000, 0x0000000703e00000|  0%| F|  |TAMS 0x0000000703c00000, 0x0000000703c00000| Untracked 
|   6|0x0000000703e00000, 0x0000000703e00000, 0x0000000704000000|  0%| F|  |TAMS 0x0000000703e00000, 0x0000000703e00000| Untracked 
|   7|0x0000000704000000, 0x0000000704000000, 0x0000000704200000|  0%| F|  |TAMS 0x0000000704000000, 0x0000000704000000| Untracked 
|   8|0x0000000704200000, 0x0000000704200000, 0x0000000704400000|  0%| F|  |TAMS 0x0000000704200000, 0x0000000704200000| Untracked 
|   9|0x0000000704400000, 0x0000000704400000, 0x0000000704600000|  0%| F|  |TAMS 0x0000000704400000, 0x0000000704400000| Untracked 
|  10|0x0000000704600000, 0x0000000704600000, 0x0000000704800000|  0%| F|  |TAMS 0x0000000704600000, 0x0000000704600000| Untracked 
|  11|0x0000000704800000, 0x0000000704800000, 0x0000000704a00000|  0%| F|  |TAMS 0x0000000704800000, 0x0000000704800000| Untracked 
|  12|0x0000000704a00000, 0x0000000704a00000, 0x0000000704c00000|  0%| F|  |TAMS 0x0000000704a00000, 0x0000000704a00000| Untracked 
|  13|0x0000000704c00000, 0x0000000704c00000, 0x0000000704e00000|  0%| F|  |TAMS 0x0000000704c00000, 0x0000000704c00000| Untracked 
|  14|0x0000000704e00000, 0x0000000704e00000, 0x0000000705000000|  0%| F|  |TAMS 0x0000000704e00000, 0x0000000704e00000| Untracked 
|  15|0x0000000705000000, 0x0000000705000000, 0x0000000705200000|  0%| F|  |TAMS 0x0000000705000000, 0x0000000705000000| Untracked 
|  16|0x0000000705200000, 0x0000000705200000, 0x0000000705400000|  0%| F|  |TAMS 0x0000000705200000, 0x0000000705200000| Untracked 
|  17|0x0000000705400000, 0x0000000705400000, 0x0000000705600000|  0%| F|  |TAMS 0x0000000705400000, 0x0000000705400000| Untracked 
|  18|0x0000000705600000, 0x0000000705600000, 0x0000000705800000|  0%| F|  |TAMS 0x0000000705600000, 0x0000000705600000| Untracked 
|  19|0x0000000705800000, 0x0000000705800000, 0x0000000705a00000|  0%| F|  |TAMS 0x0000000705800000, 0x0000000705800000| Untracked 
|  20|0x0000000705a00000, 0x0000000705a00000, 0x0000000705c00000|  0%| F|  |TAMS 0x0000000705a00000, 0x0000000705a00000| Untracked 
|  21|0x0000000705c00000, 0x0000000705c00000, 0x0000000705e00000|  0%| F|  |TAMS 0x0000000705c00000, 0x0000000705c00000| Untracked 
|  22|0x0000000705e00000, 0x0000000705e00000, 0x0000000706000000|  0%| F|  |TAMS 0x0000000705e00000, 0x0000000705e00000| Untracked 
|  23|0x0000000706000000, 0x0000000706000000, 0x0000000706200000|  0%| F|  |TAMS 0x0000000706000000, 0x0000000706000000| Untracked 
|  24|0x0000000706200000, 0x0000000706200000, 0x0000000706400000|  0%| F|  |TAMS 0x0000000706200000, 0x0000000706200000| Untracked 
|  25|0x0000000706400000, 0x0000000706400000, 0x0000000706600000|  0%| F|  |TAMS 0x0000000706400000, 0x0000000706400000| Untracked 
|  26|0x0000000706600000, 0x0000000706600000, 0x0000000706800000|  0%| F|  |TAMS 0x0000000706600000, 0x0000000706600000| Untracked 
|  27|0x0000000706800000, 0x0000000706800000, 0x0000000706a00000|  0%| F|  |TAMS 0x0000000706800000, 0x0000000706800000| Untracked 
|  28|0x0000000706a00000, 0x0000000706a00000, 0x0000000706c00000|  0%| F|  |TAMS 0x0000000706a00000, 0x0000000706a00000| Untracked 
|  29|0x0000000706c00000, 0x0000000706c00000, 0x0000000706e00000|  0%| F|  |TAMS 0x0000000706c00000, 0x0000000706c00000| Untracked 
|  30|0x0000000706e00000, 0x0000000706e00000, 0x0000000707000000|  0%| F|  |TAMS 0x0000000706e00000, 0x0000000706e00000| Untracked 
|  31|0x0000000707000000, 0x0000000707000000, 0x0000000707200000|  0%| F|  |TAMS 0x0000000707000000, 0x0000000707000000| Untracked 
|  32|0x0000000707200000, 0x0000000707200000, 0x0000000707400000|  0%| F|  |TAMS 0x0000000707200000, 0x0000000707200000| Untracked 
|  33|0x0000000707400000, 0x0000000707400000, 0x0000000707600000|  0%| F|  |TAMS 0x0000000707400000, 0x0000000707400000| Untracked 
|  34|0x0000000707600000, 0x0000000707600000, 0x0000000707800000|  0%| F|  |TAMS 0x0000000707600000, 0x0000000707600000| Untracked 
|  35|0x0000000707800000, 0x0000000707800000, 0x0000000707a00000|  0%| F|  |TAMS 0x0000000707800000, 0x0000000707800000| Untracked 
|  36|0x0000000707a00000, 0x0000000707a00000, 0x0000000707c00000|  0%| F|  |TAMS 0x0000000707a00000, 0x0000000707a00000| Untracked 
|  37|0x0000000707c00000, 0x0000000707c00000, 0x0000000707e00000|  0%| F|  |TAMS 0x0000000707c00000, 0x0000000707c00000| Untracked 
|  38|0x0000000707e00000, 0x0000000707e00000, 0x0000000708000000|  0%| F|  |TAMS 0x0000000707e00000, 0x0000000707e00000| Untracked 
|  39|0x0000000708000000, 0x0000000708000000, 0x0000000708200000|  0%| F|  |TAMS 0x0000000708000000, 0x0000000708000000| Untracked 
|  40|0x0000000708200000, 0x0000000708200000, 0x0000000708400000|  0%| F|  |TAMS 0x0000000708200000, 0x0000000708200000| Untracked 
|  41|0x0000000708400000, 0x0000000708400000, 0x0000000708600000|  0%| F|  |TAMS 0x0000000708400000, 0x0000000708400000| Untracked 
|  42|0x0000000708600000, 0x0000000708600000, 0x0000000708800000|  0%| F|  |TAMS 0x0000000708600000, 0x0000000708600000| Untracked 
|  43|0x0000000708800000, 0x0000000708800000, 0x0000000708a00000|  0%| F|  |TAMS 0x0000000708800000, 0x0000000708800000| Untracked 
|  44|0x0000000708a00000, 0x0000000708a00000, 0x0000000708c00000|  0%| F|  |TAMS 0x0000000708a00000, 0x0000000708a00000| Untracked 
|  45|0x0000000708c00000, 0x0000000708c00000, 0x0000000708e00000|  0%| F|  |TAMS 0x0000000708c00000, 0x0000000708c00000| Untracked 
|  46|0x0000000708e00000, 0x0000000708e00000, 0x0000000709000000|  0%| F|  |TAMS 0x0000000708e00000, 0x0000000708e00000| Untracked 
|  47|0x0000000709000000, 0x0000000709000000, 0x0000000709200000|  0%| F|  |TAMS 0x0000000709000000, 0x0000000709000000| Untracked 
|  48|0x0000000709200000, 0x0000000709200000, 0x0000000709400000|  0%| F|  |TAMS 0x0000000709200000, 0x0000000709200000| Untracked 
|  49|0x0000000709400000, 0x0000000709400000, 0x0000000709600000|  0%| F|  |TAMS 0x0000000709400000, 0x0000000709400000| Untracked 
|  50|0x0000000709600000, 0x0000000709600000, 0x0000000709800000|  0%| F|  |TAMS 0x0000000709600000, 0x0000000709600000| Untracked 
|  51|0x0000000709800000, 0x0000000709800000, 0x0000000709a00000|  0%| F|  |TAMS 0x0000000709800000, 0x0000000709800000| Untracked 
|  52|0x0000000709a00000, 0x0000000709a00000, 0x0000000709c00000|  0%| F|  |TAMS 0x0000000709a00000, 0x0000000709a00000| Untracked 
|  53|0x0000000709c00000, 0x0000000709c00000, 0x0000000709e00000|  0%| F|  |TAMS 0x0000000709c00000, 0x0000000709c00000| Untracked 
|  54|0x0000000709e00000, 0x0000000709e00000, 0x000000070a000000|  0%| F|  |TAMS 0x0000000709e00000, 0x0000000709e00000| Untracked 
|  55|0x000000070a000000, 0x000000070a000000, 0x000000070a200000|  0%| F|  |TAMS 0x000000070a000000, 0x000000070a000000| Untracked 
|  56|0x000000070a200000, 0x000000070a200000, 0x000000070a400000|  0%| F|  |TAMS 0x000000070a200000, 0x000000070a200000| Untracked 
|  57|0x000000070a400000, 0x000000070a400000, 0x000000070a600000|  0%| F|  |TAMS 0x000000070a400000, 0x000000070a400000| Untracked 
|  58|0x000000070a600000, 0x000000070a600000, 0x000000070a800000|  0%| F|  |TAMS 0x000000070a600000, 0x000000070a600000| Untracked 
|  59|0x000000070a800000, 0x000000070a800000, 0x000000070aa00000|  0%| F|  |TAMS 0x000000070a800000, 0x000000070a800000| Untracked 
|  60|0x000000070aa00000, 0x000000070aa00000, 0x000000070ac00000|  0%| F|  |TAMS 0x000000070aa00000, 0x000000070aa00000| Untracked 
|  61|0x000000070ac00000, 0x000000070ac00000, 0x000000070ae00000|  0%| F|  |TAMS 0x000000070ac00000, 0x000000070ac00000| Untracked 
|  62|0x000000070ae00000, 0x000000070ae00000, 0x000000070b000000|  0%| F|  |TAMS 0x000000070ae00000, 0x000000070ae00000| Untracked 
|  63|0x000000070b000000, 0x000000070b000000, 0x000000070b200000|  0%| F|  |TAMS 0x000000070b000000, 0x000000070b000000| Untracked 
|  64|0x000000070b200000, 0x000000070b200000, 0x000000070b400000|  0%| F|  |TAMS 0x000000070b200000, 0x000000070b200000| Untracked 
|  65|0x000000070b400000, 0x000000070b400000, 0x000000070b600000|  0%| F|  |TAMS 0x000000070b400000, 0x000000070b400000| Untracked 
|  66|0x000000070b600000, 0x000000070b600000, 0x000000070b800000|  0%| F|  |TAMS 0x000000070b600000, 0x000000070b600000| Untracked 
|  67|0x000000070b800000, 0x000000070b800000, 0x000000070ba00000|  0%| F|  |TAMS 0x000000070b800000, 0x000000070b800000| Untracked 
|  68|0x000000070ba00000, 0x000000070ba00000, 0x000000070bc00000|  0%| F|  |TAMS 0x000000070ba00000, 0x000000070ba00000| Untracked 
|  69|0x000000070bc00000, 0x000000070bc00000, 0x000000070be00000|  0%| F|  |TAMS 0x000000070bc00000, 0x000000070bc00000| Untracked 
|  70|0x000000070be00000, 0x000000070be00000, 0x000000070c000000|  0%| F|  |TAMS 0x000000070be00000, 0x000000070be00000| Untracked 
|  71|0x000000070c000000, 0x000000070c000000, 0x000000070c200000|  0%| F|  |TAMS 0x000000070c000000, 0x000000070c000000| Untracked 
|  72|0x000000070c200000, 0x000000070c200000, 0x000000070c400000|  0%| F|  |TAMS 0x000000070c200000, 0x000000070c200000| Untracked 
|  73|0x000000070c400000, 0x000000070c400000, 0x000000070c600000|  0%| F|  |TAMS 0x000000070c400000, 0x000000070c400000| Untracked 
|  74|0x000000070c600000, 0x000000070c600000, 0x000000070c800000|  0%| F|  |TAMS 0x000000070c600000, 0x000000070c600000| Untracked 
|  75|0x000000070c800000, 0x000000070c800000, 0x000000070ca00000|  0%| F|  |TAMS 0x000000070c800000, 0x000000070c800000| Untracked 
|  76|0x000000070ca00000, 0x000000070ca00000, 0x000000070cc00000|  0%| F|  |TAMS 0x000000070ca00000, 0x000000070ca00000| Untracked 
|  77|0x000000070cc00000, 0x000000070cc00000, 0x000000070ce00000|  0%| F|  |TAMS 0x000000070cc00000, 0x000000070cc00000| Untracked 
|  78|0x000000070ce00000, 0x000000070ce00000, 0x000000070d000000|  0%| F|  |TAMS 0x000000070ce00000, 0x000000070ce00000| Untracked 
|  79|0x000000070d000000, 0x000000070d000000, 0x000000070d200000|  0%| F|  |TAMS 0x000000070d000000, 0x000000070d000000| Untracked 
|  80|0x000000070d200000, 0x000000070d200000, 0x000000070d400000|  0%| F|  |TAMS 0x000000070d200000, 0x000000070d200000| Untracked 
|  81|0x000000070d400000, 0x000000070d400000, 0x000000070d600000|  0%| F|  |TAMS 0x000000070d400000, 0x000000070d400000| Untracked 
|  82|0x000000070d600000, 0x000000070d600000, 0x000000070d800000|  0%| F|  |TAMS 0x000000070d600000, 0x000000070d600000| Untracked 
|  83|0x000000070d800000, 0x000000070d800000, 0x000000070da00000|  0%| F|  |TAMS 0x000000070d800000, 0x000000070d800000| Untracked 
|  84|0x000000070da00000, 0x000000070da00000, 0x000000070dc00000|  0%| F|  |TAMS 0x000000070da00000, 0x000000070da00000| Untracked 
|  85|0x000000070dc00000, 0x000000070dc00000, 0x000000070de00000|  0%| F|  |TAMS 0x000000070dc00000, 0x000000070dc00000| Untracked 
|  86|0x000000070de00000, 0x000000070de00000, 0x000000070e000000|  0%| F|  |TAMS 0x000000070de00000, 0x000000070de00000| Untracked 
|  87|0x000000070e000000, 0x000000070e000000, 0x000000070e200000|  0%| F|  |TAMS 0x000000070e000000, 0x000000070e000000| Untracked 
|  88|0x000000070e200000, 0x000000070e200000, 0x000000070e400000|  0%| F|  |TAMS 0x000000070e200000, 0x000000070e200000| Untracked 
|  89|0x000000070e400000, 0x000000070e400000, 0x000000070e600000|  0%| F|  |TAMS 0x000000070e400000, 0x000000070e400000| Untracked 
|  90|0x000000070e600000, 0x000000070e600000, 0x000000070e800000|  0%| F|  |TAMS 0x000000070e600000, 0x000000070e600000| Untracked 
|  91|0x000000070e800000, 0x000000070e800000, 0x000000070ea00000|  0%| F|  |TAMS 0x000000070e800000, 0x000000070e800000| Untracked 
|  92|0x000000070ea00000, 0x000000070ea00000, 0x000000070ec00000|  0%| F|  |TAMS 0x000000070ea00000, 0x000000070ea00000| Untracked 
|  93|0x000000070ec00000, 0x000000070ec00000, 0x000000070ee00000|  0%| F|  |TAMS 0x000000070ec00000, 0x000000070ec00000| Untracked 
|  94|0x000000070ee00000, 0x000000070ee00000, 0x000000070f000000|  0%| F|  |TAMS 0x000000070ee00000, 0x000000070ee00000| Untracked 
|  95|0x000000070f000000, 0x000000070f000000, 0x000000070f200000|  0%| F|  |TAMS 0x000000070f000000, 0x000000070f000000| Untracked 
|  96|0x000000070f200000, 0x000000070f200000, 0x000000070f400000|  0%| F|  |TAMS 0x000000070f200000, 0x000000070f200000| Untracked 
|  97|0x000000070f400000, 0x000000070f400000, 0x000000070f600000|  0%| F|  |TAMS 0x000000070f400000, 0x000000070f400000| Untracked 
|  98|0x000000070f600000, 0x000000070f600000, 0x000000070f800000|  0%| F|  |TAMS 0x000000070f600000, 0x000000070f600000| Untracked 
|  99|0x000000070f800000, 0x000000070f800000, 0x000000070fa00000|  0%| F|  |TAMS 0x000000070f800000, 0x000000070f800000| Untracked 
| 100|0x000000070fa00000, 0x000000070fa00000, 0x000000070fc00000|  0%| F|  |TAMS 0x000000070fa00000, 0x000000070fa00000| Untracked 
| 101|0x000000070fc00000, 0x000000070fc00000, 0x000000070fe00000|  0%| F|  |TAMS 0x000000070fc00000, 0x000000070fc00000| Untracked 
| 102|0x000000070fe00000, 0x000000070fe00000, 0x0000000710000000|  0%| F|  |TAMS 0x000000070fe00000, 0x000000070fe00000| Untracked 
| 103|0x0000000710000000, 0x0000000710000000, 0x0000000710200000|  0%| F|  |TAMS 0x0000000710000000, 0x0000000710000000| Untracked 
| 104|0x0000000710200000, 0x0000000710200000, 0x0000000710400000|  0%| F|  |TAMS 0x0000000710200000, 0x0000000710200000| Untracked 
| 105|0x0000000710400000, 0x0000000710400000, 0x0000000710600000|  0%| F|  |TAMS 0x0000000710400000, 0x0000000710400000| Untracked 
| 106|0x0000000710600000, 0x0000000710600000, 0x0000000710800000|  0%| F|  |TAMS 0x0000000710600000, 0x0000000710600000| Untracked 
| 107|0x0000000710800000, 0x0000000710800000, 0x0000000710a00000|  0%| F|  |TAMS 0x0000000710800000, 0x0000000710800000| Untracked 
| 108|0x0000000710a00000, 0x0000000710a00000, 0x0000000710c00000|  0%| F|  |TAMS 0x0000000710a00000, 0x0000000710a00000| Untracked 
| 109|0x0000000710c00000, 0x0000000710c00000, 0x0000000710e00000|  0%| F|  |TAMS 0x0000000710c00000, 0x0000000710c00000| Untracked 
| 110|0x0000000710e00000, 0x0000000710e00000, 0x0000000711000000|  0%| F|  |TAMS 0x0000000710e00000, 0x0000000710e00000| Untracked 
| 111|0x0000000711000000, 0x0000000711000000, 0x0000000711200000|  0%| F|  |TAMS 0x0000000711000000, 0x0000000711000000| Untracked 
| 112|0x0000000711200000, 0x0000000711200000, 0x0000000711400000|  0%| F|  |TAMS 0x0000000711200000, 0x0000000711200000| Untracked 
| 113|0x0000000711400000, 0x0000000711400000, 0x0000000711600000|  0%| F|  |TAMS 0x0000000711400000, 0x0000000711400000| Untracked 
| 114|0x0000000711600000, 0x0000000711600000, 0x0000000711800000|  0%| F|  |TAMS 0x0000000711600000, 0x0000000711600000| Untracked 
| 115|0x0000000711800000, 0x0000000711800000, 0x0000000711a00000|  0%| F|  |TAMS 0x0000000711800000, 0x0000000711800000| Untracked 
| 116|0x0000000711a00000, 0x0000000711a00000, 0x0000000711c00000|  0%| F|  |TAMS 0x0000000711a00000, 0x0000000711a00000| Untracked 
| 117|0x0000000711c00000, 0x0000000711c00000, 0x0000000711e00000|  0%| F|  |TAMS 0x0000000711c00000, 0x0000000711c00000| Untracked 
| 118|0x0000000711e00000, 0x0000000711e00000, 0x0000000712000000|  0%| F|  |TAMS 0x0000000711e00000, 0x0000000711e00000| Untracked 
| 119|0x0000000712000000, 0x0000000712000000, 0x0000000712200000|  0%| F|  |TAMS 0x0000000712000000, 0x0000000712000000| Untracked 
| 120|0x0000000712200000, 0x0000000712200000, 0x0000000712400000|  0%| F|  |TAMS 0x0000000712200000, 0x0000000712200000| Untracked 
| 121|0x0000000712400000, 0x0000000712400000, 0x0000000712600000|  0%| F|  |TAMS 0x0000000712400000, 0x0000000712400000| Untracked 
| 122|0x0000000712600000, 0x0000000712600000, 0x0000000712800000|  0%| F|  |TAMS 0x0000000712600000, 0x0000000712600000| Untracked 
| 123|0x0000000712800000, 0x0000000712800000, 0x0000000712a00000|  0%| F|  |TAMS 0x0000000712800000, 0x0000000712800000| Untracked 
| 124|0x0000000712a00000, 0x0000000712b55e70, 0x0000000712c00000| 66%| E|  |TAMS 0x0000000712a00000, 0x0000000712a00000| Complete 
| 125|0x0000000712c00000, 0x0000000712e00000, 0x0000000712e00000|100%| E|CS|TAMS 0x0000000712c00000, 0x0000000712c00000| Complete 
| 126|0x0000000712e00000, 0x0000000713000000, 0x0000000713000000|100%| E|CS|TAMS 0x0000000712e00000, 0x0000000712e00000| Complete 

Card table byte_map: [0x000001f7d85d0000,0x000001f7d8dc0000] _byte_map_base: 0x000001f7d4db7000

Marking Bits (Prev, Next): (CMBitMap*) 0x000001f7c0436d70, (CMBitMap*) 0x000001f7c0436db0
 Prev Bits: [0x000001f7d95b0000, 0x000001f7dd4e8000)
 Next Bits: [0x000001f7dd4f0000, 0x000001f7e1428000)

Polling page: 0x000001f7beb30000

Metaspace:

Usage:
  Non-class:      1.65 MB used.
      Class:    141.26 KB used.
       Both:      1.79 MB used.

Virtual space:
  Non-class space:       64.00 MB reserved,       1.75 MB (  3%) committed,  1 nodes.
      Class space:        1.00 GB reserved,     256.00 KB ( <1%) committed,  1 nodes.
             Both:        1.06 GB reserved,       2.00 MB ( <1%) committed. 

Chunk freelists:
   Non-Class:  3.36 MB
       Class:  3.67 MB
        Both:  7.03 MB

MaxMetaspaceSize: unlimited
CompressedClassSpaceSize: 1.00 GB
Initial GC threshold: 21.00 MB
Current GC threshold: 21.00 MB
CDS: on
MetaspaceReclaimPolicy: balanced
 - commit_granule_bytes: 65536.
 - commit_granule_words: 8192.
 - virtual_space_node_default_size: 8388608.
 - enlarge_chunks_in_place: 1.
 - new_chunks_are_fully_committed: 0.
 - uncommit_free_chunks: 1.
 - use_allocation_guard: 0.


Internal statistics:

num_allocs_failed_limit: 0.
num_arena_births: 62.
num_arena_deaths: 0.
num_vsnodes_births: 2.
num_vsnodes_deaths: 0.
num_space_committed: 32.
num_space_uncommitted: 0.
num_chunks_returned_to_freelist: 0.
num_chunks_taken_from_freelist: 108.
num_chunk_merges: 0.
num_chunk_splits: 67.
num_chunks_enlarged: 40.
num_inconsistent_stats: 0.

CodeHeap 'non-profiled nmethods': size=120000Kb used=118Kb max_used=118Kb free=119881Kb
 bounds [0x000001f7cfe50000, 0x000001f7d00c0000, 0x000001f7d7380000]
CodeHeap 'profiled nmethods': size=120000Kb used=577Kb max_used=577Kb free=119422Kb
 bounds [0x000001f7c8380000, 0x000001f7c85f0000, 0x000001f7cf8b0000]
CodeHeap 'non-nmethods': size=5760Kb used=1309Kb max_used=1323Kb free=4450Kb
 bounds [0x000001f7cf8b0000, 0x000001f7cfb20000, 0x000001f7cfe50000]
 total_blobs=835 nmethods=403 adapters=343
 compilation: enabled
              stopped_count=0, restarted_count=0
 full_count=0

Compilation events (20 events):
Event: 0.157 Thread 0x000001f7e8127970 nmethod 392 0x000001f7c840aa10 code [0x000001f7c840abc0, 0x000001f7c840ad08]
Event: 0.157 Thread 0x000001f7e8127970  393       3       java.util.zip.ZipFile$1::getMetaInfVersions (5 bytes)
Event: 0.157 Thread 0x000001f7e8127970 nmethod 393 0x000001f7c840ae10 code [0x000001f7c840afe0, 0x000001f7c840b2a8]
Event: 0.157 Thread 0x000001f7e8127970  394   !   3       java.util.zip.ZipFile::getMetaInfVersions (26 bytes)
Event: 0.158 Thread 0x000001f7e8127970 nmethod 394 0x000001f7c840b490 code [0x000001f7c840b640, 0x000001f7c840b888]
Event: 0.158 Thread 0x000001f7e8127970  395       3       java.lang.String::indexOf (64 bytes)
Event: 0.158 Thread 0x000001f7e8127970 nmethod 395 0x000001f7c840ba10 code [0x000001f7c840bc20, 0x000001f7c840c108]
Event: 0.158 Thread 0x000001f7e8127970  397       3       java.util.jar.JarFile::getVersionedEntry (133 bytes)
Event: 0.158 Thread 0x000001f7e8127970 nmethod 397 0x000001f7c840c290 code [0x000001f7c840c560, 0x000001f7c840d308]
Event: 0.158 Thread 0x000001f7e8127970  396       3       java.lang.StringLatin1::indexOf (25 bytes)
Event: 0.158 Thread 0x000001f7e8127970 nmethod 396 0x000001f7c840d910 code [0x000001f7c840dac0, 0x000001f7c840dce8]
Event: 0.160 Thread 0x000001f7e8127970  398       3       jdk.internal.jimage.ImageStringsReader::hashCode (33 bytes)
Event: 0.160 Thread 0x000001f7e811efa0  399       4       java.util.Objects::requireNonNull (14 bytes)
Event: 0.160 Thread 0x000001f7e8127970 nmethod 398 0x000001f7c840de10 code [0x000001f7c840dfc0, 0x000001f7c840e138]
Event: 0.160 Thread 0x000001f7e8127970  400   !   3       java.nio.DirectIntBufferU::get (34 bytes)
Event: 0.160 Thread 0x000001f7e811efa0 nmethod 399 0x000001f7cfe6d890 code [0x000001f7cfe6da00, 0x000001f7cfe6da78]
Event: 0.160 Thread 0x000001f7e8127970 nmethod 400 0x000001f7c840e210 code [0x000001f7c840e460, 0x000001f7c840ee58]
Event: 0.160 Thread 0x000001f7e8127970  401       3       java.nio.DirectIntBufferU::ix (10 bytes)
Event: 0.160 Thread 0x000001f7e8127970 nmethod 401 0x000001f7c840f390 code [0x000001f7c840f520, 0x000001f7c840f638]
Event: 0.160 Thread 0x000001f7e8127970  402   !   3       jdk.internal.misc.ScopedMemoryAccess::getInt (16 bytes)

GC Heap History (0 events):
No events

Dll operation events (7 events):
Event: 0.007 Loaded shared library C:\Users\abood\.jdks\openjdk-19.0.1\bin\java.dll
Event: 0.014 Loaded shared library C:\Users\abood\.jdks\openjdk-19.0.1\bin\jsvml.dll
Event: 0.061 Loaded shared library C:\Users\abood\.jdks\openjdk-19.0.1\bin\net.dll
Event: 0.062 Loaded shared library C:\Users\abood\.jdks\openjdk-19.0.1\bin\nio.dll
Event: 0.065 Loaded shared library C:\Users\abood\.jdks\openjdk-19.0.1\bin\zip.dll
Event: 0.108 Loaded shared library C:\Users\abood\.jdks\openjdk-19.0.1\bin\jimage.dll
Event: 0.128 Loaded shared library C:\Users\abood\AppData\Local\Temp\lwjglabood\3.3.1-build-7\lwjgl.dll

Deoptimization events (4 events):
Event: 0.136 Thread 0x000001f7c03c8900 DEOPT PACKING pc=0x000001f7c839616a sp=0x000000aad9cfb7f0
Event: 0.136 Thread 0x000001f7c03c8900 DEOPT UNPACKING pc=0x000001f7cf91b0e3 sp=0x000000aad9cfac10 mode 0
Event: 0.145 Thread 0x000001f7c03c8900 DEOPT PACKING pc=0x000001f7c8393dd5 sp=0x000000aad9cfdcb0
Event: 0.145 Thread 0x000001f7c03c8900 DEOPT UNPACKING pc=0x000001f7cf91b0e3 sp=0x000000aad9cfd128 mode 0

Classes loaded (20 events):
Event: 0.132 Loading class java/nio/DirectDoubleBufferU
Event: 0.132 Loading class java/nio/DirectDoubleBufferU done
Event: 0.132 Loading class sun/misc/Unsafe
Event: 0.132 Loading class sun/misc/Unsafe done
Event: 0.132 Loading class java/lang/invoke/DirectMethodHandle$StaticAccessor
Event: 0.132 Loading class java/lang/invoke/DirectMethodHandle$StaticAccessor done
Event: 0.135 Loading class java/util/function/LongPredicate
Event: 0.135 Loading class java/util/function/LongPredicate done
Event: 0.136 Loading class java/lang/foreign/MemorySegment
Event: 0.136 Loading class java/lang/foreign/Addressable
Event: 0.136 Loading class java/lang/foreign/Addressable done
Event: 0.136 Loading class java/lang/foreign/MemorySegment done
Event: 0.139 Loading class java/nio/InvalidMarkException
Event: 0.139 Loading class java/nio/InvalidMarkException done
Event: 0.140 Loading class java/nio/BufferUnderflowException
Event: 0.140 Loading class java/nio/BufferUnderflowException done
Event: 0.156 Loading class java/lang/NoSuchFieldError
Event: 0.156 Loading class java/lang/NoSuchFieldError done
Event: 0.160 Loading class jdk/internal/reflect/MethodHandleIntegerFieldAccessorImpl
Event: 0.160 Loading class jdk/internal/reflect/MethodHandleIntegerFieldAccessorImpl done

Classes unloaded (0 events):
No events

Classes redefined (0 events):
No events

Internal exceptions (18 events):
Event: 0.090 Thread 0x000001f7c03c8900 Exception <a 'java/lang/NoSuchMethodError'{0x0000000712d06ca0}: 'java.lang.Object java.lang.invoke.DirectMethodHandle$Holder.invokeStaticInit(java.lang.Object)'> (0x0000000712d06ca0) 
thrown [s\open\src\hotspot\share\interpreter\linkResolver.cpp, line 774]
Event: 0.098 Thread 0x000001f7c03c8900 Exception <a 'java/lang/NoSuchMethodError'{0x0000000712d51808}: 'void java.lang.invoke.DirectMethodHandle$Holder.invokeStatic(java.lang.Object, java.lang.Object)'> (0x0000000712d51808) 
thrown [s\open\src\hotspot\share\interpreter\linkResolver.cpp, line 774]
Event: 0.098 Thread 0x000001f7c03c8900 Exception <a 'java/lang/NoSuchMethodError'{0x0000000712d56fa8}: 'void java.lang.System.load(java.lang.String, java.lang.Class)'> (0x0000000712d56fa8) 
thrown [s\open\src\hotspot\share\interpreter\linkResolver.cpp, line 774]
Event: 0.098 Thread 0x000001f7c03c8900 Exception <a 'java/lang/NoSuchMethodError'{0x0000000712d57bc8}: 'void java.lang.invoke.DirectMethodHandle$Holder.invokeSpecial(java.lang.Object, java.lang.Object, java.lang.Object)'> (0x0000000712d57bc8) 
thrown [s\open\src\hotspot\share\interpreter\linkResolver.cpp, line 774]
Event: 0.100 Thread 0x000001f7c03c8900 Exception <a 'java/lang/NoSuchMethodError'{0x0000000712d6ae88}: 'java.lang.Object java.lang.invoke.DirectMethodHandle$Holder.invokeStatic(java.lang.Object, java.lang.Object, int)'> (0x0000000712d6ae88) 
thrown [s\open\src\hotspot\share\interpreter\linkResolver.cpp, line 774]
Event: 0.101 Thread 0x000001f7c03c8900 Exception <a 'java/lang/NoSuchMethodError'{0x0000000712d76c08}: 'void java.lang.invoke.DelegatingMethodHandle$Holder.delegate(java.lang.Object, java.lang.Object, int, java.lang.Object)'> (0x0000000712d76c08) 
thrown [s\open\src\hotspot\share\interpreter\linkResolver.cpp, line 774]
Event: 0.101 Thread 0x000001f7c03c8900 Exception <a 'java/lang/NoSuchMethodError'{0x0000000712d7ae60}: 'int java.lang.invoke.DirectMethodHandle$Holder.invokeSpecial(java.lang.Object, java.lang.Object, java.lang.Object)'> (0x0000000712d7ae60) 
thrown [s\open\src\hotspot\share\interpreter\linkResolver.cpp, line 774]
Event: 0.104 Thread 0x000001f7c03c8900 Exception <a 'java/lang/NoSuchMethodError'{0x0000000712d96c50}: 'void java.lang.System.loadLibrary(java.lang.String, java.lang.Class)'> (0x0000000712d96c50) 
thrown [s\open\src\hotspot\share\interpreter\linkResolver.cpp, line 774]
Event: 0.127 Thread 0x000001f7c03c8900 Exception <a 'sun/nio/fs/WindowsException'{0x0000000712de5bb8}> (0x0000000712de5bb8) 
thrown [s\open\src\hotspot\share\prims\jni.cpp, line 517]
Event: 0.127 Thread 0x000001f7c03c8900 Exception <a 'sun/nio/fs/WindowsException'{0x0000000712de6108}> (0x0000000712de6108) 
thrown [s\open\src\hotspot\share\prims\jni.cpp, line 517]
Event: 0.135 Thread 0x000001f7c03c8900 Exception <a 'java/lang/NoSuchMethodError'{0x0000000712a18628}: 'int java.lang.invoke.DirectMethodHandle$Holder.invokeStaticInit(java.lang.Object, java.lang.Object, int, long)'> (0x0000000712a18628) 
thrown [s\open\src\hotspot\share\interpreter\linkResolver.cpp, line 774]
Event: 0.136 Thread 0x000001f7c03c8900 Exception <a 'java/lang/NoSuchMethodError'{0x0000000712a1def8}: 'java.lang.Object java.lang.invoke.DirectMethodHandle$Holder.newInvokeSpecial(java.lang.Object, java.lang.Object, int)'> (0x0000000712a1def8) 
thrown [s\open\src\hotspot\share\interpreter\linkResolver.cpp, line 774]
Event: 0.137 Thread 0x000001f7c03c8900 Exception <a 'java/lang/NoSuchMethodError'{0x0000000712a2d240}: 'int java.lang.invoke.DirectMethodHandle$Holder.invokeStaticInit(java.lang.Object, java.lang.Object, long, long)'> (0x0000000712a2d240) 
thrown [s\open\src\hotspot\share\interpreter\linkResolver.cpp, line 774]
Event: 0.137 Thread 0x000001f7c03c8900 Exception <a 'java/lang/NoSuchMethodError'{0x0000000712a33390}: 'java.lang.Object java.lang.invoke.DirectMethodHandle$Holder.newInvokeSpecial(java.lang.Object, java.lang.Object, long)'> (0x0000000712a33390) 
thrown [s\open\src\hotspot\share\interpreter\linkResolver.cpp, line 774]
Event: 0.138 Thread 0x000001f7c03c8900 Exception <a 'java/lang/NoSuchMethodError'{0x0000000712a373f0}: 'java.lang.Object java.lang.invoke.Invokers$Holder.linkToTargetMethod(java.lang.Object, long, java.lang.Object)'> (0x0000000712a373f0) 
thrown [s\open\src\hotspot\share\interpreter\linkResolver.cpp, line 774]
Event: 0.138 Thread 0x000001f7c03c8900 Exception <a 'java/lang/NoSuchMethodError'{0x0000000712a3e978}: 'int java.lang.invoke.DirectMethodHandle$Holder.invokeStaticInit(java.lang.Object, java.lang.Object, java.lang.Object, long)'> (0x0000000712a3e978) 
thrown [s\open\src\hotspot\share\interpreter\linkResolver.cpp, line 774]
Event: 0.155 Thread 0x000001f7c03c8900 Exception <a 'sun/nio/fs/WindowsException'{0x0000000712ae5df0}> (0x0000000712ae5df0) 
thrown [s\open\src\hotspot\share\prims\jni.cpp, line 517]
Event: 0.156 Thread 0x000001f7c03c8900 Exception <a 'sun/nio/fs/WindowsException'{0x0000000712ae6150}> (0x0000000712ae6150) 
thrown [s\open\src\hotspot\share\prims\jni.cpp, line 517]

VM Operations (4 events):
Event: 0.044 Executing VM operation: ChangeBreakpoints
Event: 0.044 Executing VM operation: ChangeBreakpoints done
Event: 0.066 Executing VM operation: HandshakeAllThreads
Event: 0.066 Executing VM operation: HandshakeAllThreads done

Events (15 events):
Event: 0.014 Thread 0x000001f7c03c8900 Thread added: 0x000001f7c03c8900
Event: 0.024 Thread 0x000001f7e38d3d50 Thread added: 0x000001f7e38d3d50
Event: 0.024 Thread 0x000001f7e38d4880 Thread added: 0x000001f7e38d4880
Event: 0.024 Thread 0x000001f7e8116810 Thread added: 0x000001f7e8116810
Event: 0.024 Thread 0x000001f7e38dd6c0 Thread added: 0x000001f7e38dd6c0
Event: 0.024 Thread 0x000001f7e38ddff0 Thread added: 0x000001f7e38ddff0
Event: 0.024 Thread 0x000001f7e38de920 Thread added: 0x000001f7e38de920
Event: 0.024 Thread 0x000001f7e811efa0 Thread added: 0x000001f7e811efa0
Event: 0.025 Thread 0x000001f7e8127970 Thread added: 0x000001f7e8127970
Event: 0.025 Thread 0x000001f7e812c130 Thread added: 0x000001f7e812c130
Event: 0.044 Thread 0x000001f7e826b270 Thread added: 0x000001f7e826b270
Event: 0.044 Thread 0x000001f7e826c1f0 Thread added: 0x000001f7e826c1f0
Event: 0.044 Thread 0x000001f7e8288830 Thread added: 0x000001f7e8288830
Event: 0.049 Thread 0x000001f7e828cce0 Thread added: 0x000001f7e828cce0
Event: 0.052 Thread 0x000001f7e828d4d0 Thread added: 0x000001f7e828d4d0


Dynamic libraries:
0x00007ff6759f0000 - 0x00007ff6759fe000 	C:\Users\abood\.jdks\openjdk-19.0.1\bin\java.exe
0x00007ffe1aae0000 - 0x00007ffe1ad40000 	C:\WINDOWS\SYSTEM32\ntdll.dll
0x00007ffde3f30000 - 0x00007ffde3f4b000 	C:\Program Files\AVG\Antivirus\aswhook.dll
0x00007ffe197e0000 - 0x00007ffe198a7000 	C:\WINDOWS\System32\KERNEL32.DLL
0x00007ffe183c0000 - 0x00007ffe1878a000 	C:\WINDOWS\System32\KERNELBASE.dll
0x00007ffe18790000 - 0x00007ffe188db000 	C:\WINDOWS\System32\ucrtbase.dll
0x00007ffe0e7b0000 - 0x00007ffe0e7c7000 	C:\Users\abood\.jdks\openjdk-19.0.1\bin\jli.dll
0x00007ffe0e790000 - 0x00007ffe0e7ab000 	C:\Users\abood\.jdks\openjdk-19.0.1\bin\VCRUNTIME140.dll
0x00007ffe1a130000 - 0x00007ffe1a2fc000 	C:\WINDOWS\System32\USER32.dll
0x00007ffe18030000 - 0x00007ffe18057000 	C:\WINDOWS\System32\win32u.dll
0x00007ffdfa560000 - 0x00007ffdfa7f7000 	C:\WINDOWS\WinSxS\amd64_microsoft.windows.common-controls_6595b64144ccf1df_6.0.26100.3624_none_3e086962e3345f24\COMCTL32.dll
0x00007ffe19590000 - 0x00007ffe195ba000 	C:\WINDOWS\System32\GDI32.dll
0x00007ffe190c0000 - 0x00007ffe19169000 	C:\WINDOWS\System32\msvcrt.dll
0x00007ffe18280000 - 0x00007ffe183b1000 	C:\WINDOWS\System32\gdi32full.dll
0x00007ffe18060000 - 0x00007ffe18103000 	C:\WINDOWS\System32\msvcp_win.dll
0x00007ffe1aa40000 - 0x00007ffe1aa6f000 	C:\WINDOWS\System32\IMM32.DLL
0x00007ffddbdb0000 - 0x00007ffddbdbc000 	C:\Users\abood\.jdks\openjdk-19.0.1\bin\vcruntime140_1.dll
0x00007ffd978a0000 - 0x00007ffd9792e000 	C:\Users\abood\.jdks\openjdk-19.0.1\bin\msvcp140.dll
0x00007ffd5d240000 - 0x00007ffd5df00000 	C:\Users\abood\.jdks\openjdk-19.0.1\bin\server\jvm.dll
0x00007ffe1a070000 - 0x00007ffe1a122000 	C:\WINDOWS\System32\ADVAPI32.dll
0x00007ffe18e80000 - 0x00007ffe18f26000 	C:\WINDOWS\System32\sechost.dll
0x00007ffe196c0000 - 0x00007ffe197d6000 	C:\WINDOWS\System32\RPCRT4.dll
0x00007ffe03d30000 - 0x00007ffe03d3b000 	C:\WINDOWS\SYSTEM32\VERSION.dll
0x00007ffe02030000 - 0x00007ffe0203a000 	C:\WINDOWS\SYSTEM32\WSOCK32.dll
0x00007ffe18f40000 - 0x00007ffe18fb4000 	C:\WINDOWS\System32\WS2_32.dll
0x00007ffe11590000 - 0x00007ffe115c6000 	C:\WINDOWS\SYSTEM32\WINMM.dll
0x00007ffe16ad0000 - 0x00007ffe16aea000 	C:\WINDOWS\SYSTEM32\kernel.appcore.dll
0x00007ffddbda0000 - 0x00007ffddbdaa000 	C:\Users\abood\.jdks\openjdk-19.0.1\bin\jimage.dll
0x00007ffe156a0000 - 0x00007ffe158e1000 	C:\WINDOWS\SYSTEM32\DBGHELP.DLL
0x00007ffe19180000 - 0x00007ffe19502000 	C:\WINDOWS\System32\combase.dll
0x00007ffe18b50000 - 0x00007ffe18c26000 	C:\WINDOWS\System32\OLEAUT32.dll
0x00007ffe11530000 - 0x00007ffe11569000 	C:\WINDOWS\SYSTEM32\dbgcore.DLL
0x00007ffe17e10000 - 0x00007ffe17ea9000 	C:\WINDOWS\System32\bcryptPrimitives.dll
0x00007ffe04e90000 - 0x00007ffe04ecc000 	C:\Users\abood\.jdks\openjdk-19.0.1\bin\jdwp.dll
0x00007ffd9a380000 - 0x00007ffd9a3a6000 	C:\Users\abood\.jdks\openjdk-19.0.1\bin\java.dll
0x00007ffd5cff0000 - 0x00007ffd5d0c7000 	C:\Users\abood\.jdks\openjdk-19.0.1\bin\jsvml.dll
0x00007ffe198b0000 - 0x00007ffe19fd9000 	C:\WINDOWS\System32\SHELL32.dll
0x00007ffe18110000 - 0x00007ffe18278000 	C:\WINDOWS\System32\wintypes.dll
0x00007ffe15980000 - 0x00007ffe161d2000 	C:\WINDOWS\SYSTEM32\windows.storage.dll
0x00007ffe1a950000 - 0x00007ffe1aa3d000 	C:\WINDOWS\System32\SHCORE.dll
0x00007ffe195c0000 - 0x00007ffe19624000 	C:\WINDOWS\System32\shlwapi.dll
0x00007ffe17bd0000 - 0x00007ffe17bff000 	C:\WINDOWS\SYSTEM32\profapi.dll
0x00007ffe04f90000 - 0x00007ffe04f9c000 	C:\Users\abood\.jdks\openjdk-19.0.1\bin\dt_socket.dll
0x00007ffe16640000 - 0x00007ffe16673000 	C:\WINDOWS\SYSTEM32\IPHLPAPI.DLL
0x00007ffe17060000 - 0x00007ffe170ca000 	C:\WINDOWS\system32\mswsock.dll
0x00007ffdf9f30000 - 0x00007ffdf9f43000 	C:\Users\abood\.jdks\openjdk-19.0.1\bin\net.dll
0x00007ffe0d690000 - 0x00007ffe0d7ad000 	C:\WINDOWS\SYSTEM32\WINHTTP.dll
0x00007ffdba880000 - 0x00007ffdba896000 	C:\Users\abood\.jdks\openjdk-19.0.1\bin\nio.dll
0x00007ffdba860000 - 0x00007ffdba878000 	C:\Users\abood\.jdks\openjdk-19.0.1\bin\zip.dll
0x00007ffe04e10000 - 0x00007ffe04e85000 	C:\Users\abood\AppData\Local\Temp\lwjglabood\3.3.1-build-7\lwjgl.dll
0x00007ffdfda60000 - 0x00007ffdfdac1000 	C:\Users\abood\AppData\Local\Temp\lwjglabood\3.3.1-build-7\glfw.dll

dbghelp: loaded successfully - version: 4.0.5 - missing functions: none
symbol engine: initialized successfully - sym options: 0x614 - pdb path: .;C:\Users\abood\.jdks\openjdk-19.0.1\bin;C:\WINDOWS\SYSTEM32;C:\Program Files\AVG\Antivirus;C:\WINDOWS\WinSxS\amd64_microsoft.windows.common-controls_6595b64144ccf1df_6.0.26100.3624_none_3e086962e3345f24;C:\Users\abood\.jdks\openjdk-19.0.1\bin\server;C:\Users\abood\AppData\Local\Temp\lwjglabood\3.3.1-build-7

VM Arguments:
jvm_args: -agentlib:jdwp=transport=dt_socket,server=n,suspend=y,address=127.0.0.1:50662 -Dfile.encoding=windows-1256 -Duser.country=SA -Duser.language=ar -Duser.variant 
java_command: Main
java_class_path (initial): C:\Users\abood\OneDrive\Desktop\mine\ComputerGraphics\MinecraftEngine\build\classes\java\main;C:\Users\abood\OneDrive\Desktop\mine\ComputerGraphics\MinecraftEngine\build\resources\main;C:\Users\abood\.gradle\caches\modules-2\files-2.1\org.lwjgl\lwjgl-glfw\3.3.1\cbac1b8d30cb4795149c1ef540f912671a8616d0\lwjgl-glfw-3.3.1.jar;C:\Users\abood\.gradle\caches\modules-2\files-2.1\org.lwjgl\lwjgl-glfw\3.3.1\ed892f945cf7e79c8756796f32d00fa4ceaf573b\lwjgl-glfw-3.3.1-natives-windows.jar;C:\Users\abood\.gradle\caches\modules-2\files-2.1\org.lwjgl\lwjgl-opengl\3.3.1\831a5533a21a5f4f81bbc51bb13e9899319b5411\lwjgl-opengl-3.3.1.jar;C:\Users\abood\.gradle\caches\modules-2\files-2.1\org.lwjgl\lwjgl-opengl\3.3.1\c1807e9bd571402787d7e37e3029776ae2513bb8\lwjgl-opengl-3.3.1-natives-windows.jar;C:\Users\abood\.gradle\caches\modules-2\files-2.1\org.lwjgl\lwjgl-stb\3.3.1\b119297cf8ed01f247abe8685857f8e7fcf5980f\lwjgl-stb-3.3.1.jar;C:\Users\abood\.gradle\caches\modules-2\files-2.1\org.lwjgl\lwjgl-stb\3.3.1\86315914ac119efdb02dc9e8e978ade84f1702af\lwjgl-stb-3.3.1-natives-windows.jar;C:\Users\abood\.gradle\caches\modules-2\files-2.1\org.lwjgl\lwjgl\3.3.1\ae58664f88e18a9bb2c77b063833ca7aaec484cb\lwjgl-3.3.1.jar;C:\Users\abood\.gradle\caches\modules-2\files-2.1\org.lwjgl\lwjgl\3.3.1\36c37f16ab611b3aa11f3bcf80b1d509b4ce6b\lwjgl-3.3.1-natives-windows.jar;C:\Users\abood\.gradle\caches\modules-2\files-2.1\org.joml\joml\1.10.5\22566d58af70ad3d72308bab63b8339906deb649\joml-1.10.5.jar
Launcher Type: SUN_STANDARD

[Global flags]
     intx CICompilerCount                          = 4                                         {product} {ergonomic}
     uint ConcGCThreads                            = 2                                         {product} {ergonomic}
     uint G1ConcRefinementThreads                  = 8                                         {product} {ergonomic}
   size_t G1HeapRegionSize                         = 2097152                                   {product} {ergonomic}
    uintx GCDrainStackTargetSize                   = 64                                        {product} {ergonomic}
   size_t InitialHeapSize                          = 266338304                                 {product} {ergonomic}
   size_t MarkStackSize                            = 4194304                                   {product} {ergonomic}
   size_t MaxHeapSize                              = 4242538496                                {product} {ergonomic}
   size_t MaxNewSize                               = 2543845376                                {product} {ergonomic}
   size_t MinHeapDeltaBytes                        = 2097152                                   {product} {ergonomic}
   size_t MinHeapSize                              = 8388608                                   {product} {ergonomic}
    uintx NonNMethodCodeHeapSize                   = 5839372                                {pd product} {ergonomic}
    uintx NonProfiledCodeHeapSize                  = 122909434                              {pd product} {ergonomic}
    uintx ProfiledCodeHeapSize                     = 122909434                              {pd product} {ergonomic}
    uintx ReservedCodeCacheSize                    = 251658240                              {pd product} {ergonomic}
     bool SegmentedCodeCache                       = true                                      {product} {ergonomic}
   size_t SoftMaxHeapSize                          = 4242538496                             {manageable} {ergonomic}
     bool UseCompressedClassPointers               = true                           {product lp64_product} {ergonomic}
     bool UseCompressedOops                        = true                           {product lp64_product} {ergonomic}
     bool UseG1GC                                  = true                                      {product} {ergonomic}
     bool UseLargePagesIndividualAllocation        = false                                  {pd product} {ergonomic}

Logging:
Log output configuration:
 #0: stdout all=warning uptime,level,tags foldmultilines=false
 #1: stderr all=off uptime,level,tags foldmultilines=false

Environment Variables:
CLASSPATH=.;C:\Program Files (x86)\QuickTime\QTSystem\QTJava.zip
PATH=C:\Program Files\Common Files\Oracle\Java\javapath;C:\Program Files (x86)\VMware\VMware Player\bin\;C:\Windows\system32;C:\Windows;C:\Windows\System32\Wbem;C:\Windows\System32\WindowsPowerShell\v1.0\;C:\Windows\System32\OpenSSH\;C:\Program Files (x86)\NVIDIA Corporation\PhysX\Common;C:\Program Files (x86)\QuickTime\QTSystem\;C:\Program Files\dotnet\;C:\Program Files (x86)\IVI Foundation\VISA\WinNT\Bin;C:\WINDOWS\system32;C:\WINDOWS;C:\WINDOWS\System32\Wbem;C:\WINDOWS\System32\WindowsPowerShell\v1.0\;C:\WINDOWS\System32\OpenSSH\;C:\Program Files\Git\cmd;C:\Program Files\nodejs\;C:\Program Files\Docker\Docker\resources\bin;C:\Program Files\NVIDIA Corporation\NVIDIA App\NvDLISR;C:\Program Files\MySQL\MySQL Shell 8.0\bin\;C:\Users\abood\AppData\Local\Microsoft\WindowsApps;C:\MinGW\bin;C:\Users\abood\OneDrive\Desktop\modelsim_ase\win32aloem;C:\Program Files\MySQL\MySQL Server 8.0\bin;C:\Users\abood\AppData\Local\Programs\Microsoft VS Code\bin;C:\Program Files (x86)\Nmap;
USERNAME=abood
OS=Windows_NT
PROCESSOR_IDENTIFIER=Intel64 Family 6 Model 140 Stepping 1, GenuineIntel
TMP=C:\Users\abood\AppData\Local\Temp
TEMP=C:\Users\abood\AppData\Local\Temp



---------------  S Y S T E M  ---------------

OS:
 Windows 11 , 64 bit Build 26100 (10.0.26100.3775)
OS uptime: 0 days 0:10 hours

CPU: total 8 (initial active 8) (4 cores per cpu, 2 threads per core) family 6 model 140 stepping 1 microcode 0x66, cx8, cmov, fxsr, ht, mmx, 3dnowpref, sse, sse2, sse3, ssse3, sse4.1, sse4.2, popcnt, lzcnt, tsc, tscinvbit, avx, avx2, aes, erms, clmul, bmi1, bmi2, adx, avx512f, avx512dq, avx512cd, avx512bw, avx512vl, sha, fma, vzeroupper, avx512_vpopcntdq, avx512_vpclmulqdq, avx512_vaes, avx512_vnni, clflush, clflushopt, clwb, avx512_vbmi2, avx512_vbmi, rdtscp, rdpid, fsrm, gfni, avx512_bitalg

Memory: 4k page, system-wide physical 16183M (5246M free)
TotalPageFile size 23607M (AvailPageFile size 8519M)
current process WorkingSet (physical memory assigned to process): 44M, peak: 44M
current process commit charge ("private bytes"): 346M, peak: 346M

vm_info: OpenJDK 64-Bit Server VM (19.0.1+10-21) for windows-amd64 JRE (19.0.1+10-21), built on 2022-09-14T12:45:06Z by "mach5one" with MS VC++ 17.1 (VS2022)

END.
