#
# A fatal error has been detected by the Java Runtime Environment:
#
#  EXCEPTION_ACCESS_VIOLATION (0xc0000005) at pc=0x00007ffe8a95c42a, pid=17244, tid=24936
#
# JRE version: Java(TM) SE Runtime Environment (17.0.14+8) (build 17.0.14+8-LTS-191)
# Java VM: Java HotSpot(TM) 64-Bit Server VM (17.0.14+8-LTS-191, mixed mode, sharing, tiered, compressed oops, compressed class ptrs, g1 gc, windows-amd64)
# Problematic frame:
# C  [lwjgl_opengl.dll+0xc42a]
#
# No core dump will be written. Minidumps are not enabled by default on client versions of Windows
#
# If you would like to submit a bug report, please visit:
#   https://bugreport.java.com/bugreport/crash.jsp
# The crash happened outside the Java Virtual Machine in native code.
# See problematic frame for where to report the bug.
#

---------------  S U M M A R Y ------------

Command Line: -Dfile.encoding=windows-1256 -Duser.country=SA -Duser.language=ar -Duser.variant Main

Host: 11th Gen Intel(R) Core(TM) i7-1165G7 @ 2.80GHz, 8 cores, 15G,  Windows 11 , 64 bit Build 26100 (10.0.26100.3775)
Time: Thu May  8 19:31:06 2025  Windows 11 , 64 bit Build 26100 (10.0.26100.3775) elapsed time: 0.795863 seconds (0d 0h 0m 0s)

---------------  T H R E A D  ---------------

Current thread (0x000001bca6167860):  JavaThread "main" [_thread_in_native, id=24936, stack(0x0000008184d00000,0x0000008184e00000)]

Stack: [0x0000008184d00000,0x0000008184e00000],  sp=0x0000008184dff658,  free space=1021k
Native frames: (J=compiled Java code, j=interpreted, Vv=VM code, C=native code)
C  [lwjgl_opengl.dll+0xc42a]

Java frames: (J=compiled Java code, j=interpreted, Vv=VM code)
j  org.lwjgl.opengl.GL11C.glEnable(I)V+0
j  org.lwjgl.opengl.GL11.glEnable(I)V+1
j  Window.create(Ljava/lang/String;)V+155
j  Main.main([Ljava/lang/String;)V+5
v  ~StubRoutines::call_stub

siginfo: EXCEPTION_ACCESS_VIOLATION (0xc0000005), reading address 0x0000000000000000


Registers:
RAX=0x000001bd0a4080b0, RBX=0x000001bd0b525000, RCX=0x0000000000000b71, RDX=0x0000000000000000
RSP=0x0000008184dff658, RBP=0x0000008184dff6d8, RSI=0x0000000000000000, RDI=0x000001bcb4f794f0
R8 =0x0000000000000b71, R9 =0x0000000000000002, R10=0x000001bcb4f7d5a7, R11=0x0000000712bb0218
R12=0x0000000000000000, R13=0x000001bd0b527ff0, R14=0x0000008184dff6f8, R15=0x000001bca6167860
RIP=0x00007ffe8a95c42a, EFLAGS=0x0000000000010206


Register to memory mapping:

RIP=0x00007ffe8a95c42a lwjgl_opengl.dll
RAX=0x000001bd0a4080b0 points into unknown readable memory: 0x0000000000000000 | 00 00 00 00 00 00 00 00
RBX={method} {0x000001bd0b525008} 'glEnable' '(I)V' in 'org/lwjgl/opengl/GL11C'
RCX=0x0000000000000b71 is an unknown value
RDX=0x0 is NULL
RSP=0x0000008184dff658 is pointing into the stack for thread: 0x000001bca6167860
RBP=0x0000008184dff6d8 is pointing into the stack for thread: 0x000001bca6167860
RSI=0x0 is NULL
RDI=0x000001bcb4f794f0 is at code_begin+1136 in an Interpreter codelet
return entry points  [0x000001bcb4f79080, 0x000001bcb4f79bc0]  2880 bytes
R8 =0x0000000000000b71 is an unknown value
R9 =0x0000000000000002 is an unknown value
R10=0x000001bcb4f7d5a7 is at code_begin+935 in an Interpreter codelet
method entry point (kind = native)  [0x000001bcb4f7d200, 0x000001bcb4f7db60]  2400 bytes
R11=0x0000000712bb0218 is an oop: java.lang.Class 
{0x0000000712bb0218} - klass: 'java/lang/Class'
 - ---- fields (total size 116 words):
 - private volatile transient 'classRedefinedCount' 'I' @12  0
 - private volatile transient 'cachedConstructor' 'Ljava/lang/reflect/Constructor;' @40  NULL (0)
 - private transient 'name' 'Ljava/lang/String;' @44  "org.lwjgl.opengl.GL11C"{0x0000000712bb05c8} (e25760b9)
 - private transient 'module' 'Ljava/lang/Module;' @48  a 'java/lang/Module'{0x0000000712e65dc8} (e25ccbb9)
 - private final 'classLoader' 'Ljava/lang/ClassLoader;' @52  a 'jdk/internal/loader/ClassLoaders$AppClassLoader'{0x0000000712e65c08} (e25ccb81)
 - private transient 'classData' 'Ljava/lang/Object;' @56  NULL (0)
 - private transient 'packageName' 'Ljava/lang/String;' @60  "org.lwjgl.opengl"{0x0000000712b0d000} (e2561a00)
 - private final 'componentType' 'Ljava/lang/Class;' @64  NULL (0)
 - private volatile transient 'reflectionData' 'Ljava/lang/ref/SoftReference;' @68  NULL (0)
 - private volatile transient 'genericInfo' 'Lsun/reflect/generics/repository/ClassRepository;' @72  NULL (0)
 - private volatile transient 'enumConstants' '[Ljava/lang/Object;' @76  NULL (0)
 - private volatile transient 'enumConstantDirectory' 'Ljava/util/Map;' @80  NULL (0)
 - private volatile transient 'annotationData' 'Ljava/lang/Class$AnnotationData;' @84  NULL (0)
 - private volatile transient 'annotationType' 'Lsun/reflect/annotation/AnnotationType;' @88  NULL (0)
 - transient 'classValueMap' 'Ljava/lang/ClassValue$ClassValueMap;' @92  NULL (0)
 - signature: Lorg/lwjgl/opengl/GL11C;
 - fake entry for mirror: 'org/lwjgl/opengl/GL11C'
 - fake entry for array: NULL
 - fake entry for oop_size: 116
 - fake entry for static_oop_field_count: 0
 - public static final 'GL_NEVER' 'I' @112  512 (200)
 - public static final 'GL_LESS' 'I' @116  513 (201)
 - public static final 'GL_EQUAL' 'I' @120  514 (202)
 - public static final 'GL_LEQUAL' 'I' @124  515 (203)
 - public static final 'GL_GREATER' 'I' @128  516 (204)
 - public static final 'GL_NOTEQUAL' 'I' @132  517 (205)
 - public static final 'GL_GEQUAL' 'I' @136  518 (206)
 - public static final 'GL_ALWAYS' 'I' @140  519 (207)
 - public static final 'GL_DEPTH_BUFFER_BIT' 'I' @144  256 (100)
 - public static final 'GL_STENCIL_BUFFER_BIT' 'I' @148  1024 (400)
 - public static final 'GL_COLOR_BUFFER_BIT' 'I' @152  16384 (4000)
 - public static final 'GL_POINTS' 'I' @156  0
 - public static final 'GL_LINES' 'I' @160  1
 - public static final 'GL_LINE_LOOP' 'I' @164  2
 - public static final 'GL_LINE_STRIP' 'I' @168  3
 - public static final 'GL_TRIANGLES' 'I' @172  4
 - public static final 'GL_TRIANGLE_STRIP' 'I' @176  5
 - public static final 'GL_TRIANGLE_FAN' 'I' @180  6
 - public static final 'GL_QUADS' 'I' @184  7
 - public static final 'GL_ZERO' 'I' @188  0
 - public static final 'GL_ONE' 'I' @192  1
 - public static final 'GL_SRC_COLOR' 'I' @196  768 (300)
 - public static final 'GL_ONE_MINUS_SRC_COLOR' 'I' @200  769 (301)
 - public static final 'GL_SRC_ALPHA' 'I' @204  770 (302)
 - public static final 'GL_ONE_MINUS_SRC_ALPHA' 'I' @208  771 (303)
 - public static final 'GL_DST_ALPHA' 'I' @212  772 (304)
 - public static final 'GL_ONE_MINUS_DST_ALPHA' 'I' @216  773 (305)
 - public static final 'GL_DST_COLOR' 'I' @220  774 (306)
 - public static final 'GL_ONE_MINUS_DST_COLOR' 'I' @224  775 (307)
 - public static final 'GL_SRC_ALPHA_SATURATE' 'I' @228  776 (308)
 - public static final 'GL_TRUE' 'I' @232  1
 - public static final 'GL_FALSE' 'I' @236  0
 - public static final 'GL_BYTE' 'I' @240  5120 (1400)
 - public static final 'GL_UNSIGNED_BYTE' 'I' @244  5121 (1401)
 - public static final 'GL_SHORT' 'I' @248  5122 (1402)
 - public static final 'GL_UNSIGNED_SHORT' 'I' @252  5123 (1403)
 - public static final 'GL_INT' 'I' @256  5124 (1404)
 - public static final 'GL_UNSIGNED_INT' 'I' @260  5125 (1405)
 - public static final 'GL_FLOAT' 'I' @264  5126 (1406)
 - public static final 'GL_DOUBLE' 'I' @268  5130 (140a)
 - public static final 'GL_NONE' 'I' @272  0
 - public static final 'GL_FRONT_LEFT' 'I' @276  1024 (400)
 - public static final 'GL_FRONT_RIGHT' 'I' @280  1025 (401)
 - public static final 'GL_BACK_LEFT' 'I' @284  1026 (402)
 - public static final 'GL_BACK_RIGHT' 'I' @288  1027 (403)
 - public static final 'GL_FRONT' 'I' @292  1028 (404)
 - public static final 'GL_BACK' 'I' @296  1029 (405)
 - public static final 'GL_LEFT' 'I' @300  1030 (406)
 - public static final 'GL_RIGHT' 'I' @304  1031 (407)
 - public static final 'GL_FRONT_AND_BACK' 'I' @308  1032 (408)
 - public static final 'GL_NO_ERROR' 'I' @312  0
 - public static final 'GL_INVALID_ENUM' 'I' @316  1280 (500)
 - public static final 'GL_INVALID_VALUE' 'I' @320  1281 (501)
 - public static final 'GL_INVALID_OPERATION' 'I' @324  1282 (502)
 - public static final 'GL_STACK_OVERFLOW' 'I' @328  1283 (503)
 - public static final 'GL_STACK_UNDERFLOW' 'I' @332  1284 (504)
 - public static final 'GL_OUT_OF_MEMORY' 'I' @336  1285 (505)
 - public static final 'GL_CW' 'I' @340  2304 (900)
 - public static final 'GL_CCW' 'I' @344  2305 (901)
 - public static final 'GL_POINT_SIZE' 'I' @348  2833 (b11)
 - public static final 'GL_POINT_SIZE_RANGE' 'I' @352  2834 (b12)
 - public static final 'GL_POINT_SIZE_GRANULARITY' 'I' @356  2835 (b13)
 - public static final 'GL_LINE_SMOOTH' 'I' @360  2848 (b20)
 - public static final 'GL_LINE_WIDTH' 'I' @364  2849 (b21)
 - public static final 'GL_LINE_WIDTH_RANGE' 'I' @368  2850 (b22)
 - public static final 'GL_LINE_WIDTH_GRANULARITY' 'I' @372  2851 (b23)
 - public static final 'GL_POLYGON_MODE' 'I' @376  2880 (b40)
 - public static final 'GL_POLYGON_SMOOTH' 'I' @380  2881 (b41)
 - public static final 'GL_CULL_FACE' 'I' @384  2884 (b44)
 - public static final 'GL_CULL_FACE_MODE' 'I' @388  2885 (b45)
 - public static final 'GL_FRONT_FACE' 'I' @392  2886 (b46)
 - public static final 'GL_DEPTH_RANGE' 'I' @396  2928 (b70)
 - public static final 'GL_DEPTH_TEST' 'I' @400  2929 (b71)
 - public static final 'GL_DEPTH_WRITEMASK' 'I' @404  2930 (b72)
 - public static final 'GL_DEPTH_CLEAR_VALUE' 'I' @408  2931 (b73)
 - public static final 'GL_DEPTH_FUNC' 'I' @412  2932 (b74)
 - public static final 'GL_STENCIL_TEST' 'I' @416  2960 (b90)
 - public static final 'GL_STENCIL_CLEAR_VALUE' 'I' @420  2961 (b91)
 - public static final 'GL_STENCIL_FUNC' 'I' @424  2962 (b92)
 - public static final 'GL_STENCIL_VALUE_MASK' 'I' @428  2963 (b93)
 - public static final 'GL_STENCIL_FAIL' 'I' @432  2964 (b94)
 - public static final 'GL_STENCIL_PASS_DEPTH_FAIL' 'I' @436  2965 (b95)
 - public static final 'GL_STENCIL_PASS_DEPTH_PASS' 'I' @440  2966 (b96)
 - public static final 'GL_STENCIL_REF' 'I' @444  2967 (b97)
 - public static final 'GL_STENCIL_WRITEMASK' 'I' @448  2968 (b98)
 - public static final 'GL_VIEWPORT' 'I' @452  2978 (ba2)
 - public static final 'GL_DITHER' 'I' @456  3024 (bd0)
 - public static final 'GL_BLEND_DST' 'I' @460  3040 (be0)
 - public static final 'GL_BLEND_SRC' 'I' @464  3041 (be1)
 - public static final 'GL_BLEND' 'I' @468  3042 (be2)
 - public static final 'GL_LOGIC_OP_MODE' 'I' @472  3056 (bf0)
 - public static final 'GL_COLOR_LOGIC_OP' 'I' @476  3058 (bf2)
 - public static final 'GL_DRAW_BUFFER' 'I' @480  3073 (c01)
 - public static final 'GL_READ_BUFFER' 'I' @484  3074 (c02)
 - public static final 'GL_SCISSOR_BOX' 'I' @488  3088 (c10)
 - public static final 'GL_SCISSOR_TEST' 'I' @492  3089 (c11)
 - public static final 'GL_COLOR_CLEAR_VALUE' 'I' @496  3106 (c22)
 - public static final 'GL_COLOR_WRITEMASK' 'I' @500  3107 (c23)
 - public static final 'GL_DOUBLEBUFFER' 'I' @504  3122 (c32)
 - public static final 'GL_STEREO' 'I' @508  3123 (c33)
 - public static final 'GL_LINE_SMOOTH_HINT' 'I' @512  3154 (c52)
 - public static final 'GL_POLYGON_SMOOTH_HINT' 'I' @516  3155 (c53)
 - public static final 'GL_UNPACK_SWAP_BYTES' 'I' @520  3312 (cf0)
 - public static final 'GL_UNPACK_LSB_FIRST' 'I' @524  3313 (cf1)
 - public static final 'GL_UNPACK_ROW_LENGTH' 'I' @528  3314 (cf2)
 - public static final 'GL_UNPACK_SKIP_ROWS' 'I' @532  3315 (cf3)
 - public static final 'GL_UNPACK_SKIP_PIXELS' 'I' @536  3316 (cf4)
 - public static final 'GL_UNPACK_ALIGNMENT' 'I' @540  3317 (cf5)
 - public static final 'GL_PACK_SWAP_BYTES' 'I' @544  3328 (d00)
 - public static final 'GL_PACK_LSB_FIRST' 'I' @548  3329 (d01)
 - public static final 'GL_PACK_ROW_LENGTH' 'I' @552  3330 (d02)
 - public static final 'GL_PACK_SKIP_ROWS' 'I' @556  3331 (d03)
 - public static final 'GL_PACK_SKIP_PIXELS' 'I' @560  3332 (d04)
 - public static final 'GL_PACK_ALIGNMENT' 'I' @564  3333 (d05)
 - public static final 'GL_MAX_TEXTURE_SIZE' 'I' @568  3379 (d33)
 - public static final 'GL_MAX_VIEWPORT_DIMS' 'I' @572  3386 (d3a)
 - public static final 'GL_SUBPIXEL_BITS' 'I' @576  3408 (d50)
 - public static final 'GL_TEXTURE_1D' 'I' @580  3552 (de0)
 - public static final 'GL_TEXTURE_2D' 'I' @584  3553 (de1)
 - public static final 'GL_TEXTURE_WIDTH' 'I' @588  4096 (1000)
 - public static final 'GL_TEXTURE_HEIGHT' 'I' @592  4097 (1001)
 - public static final 'GL_TEXTURE_INTERNAL_FORMAT' 'I' @596  4099 (1003)
 - public static final 'GL_TEXTURE_BORDER_COLOR' 'I' @600  4100 (1004)
 - public static final 'GL_DONT_CARE' 'I' @604  4352 (1100)
 - public static final 'GL_FASTEST' 'I' @608  4353 (1101)
 - public static final 'GL_NICEST' 'I' @612  4354 (1102)
 - public static final 'GL_CLEAR' 'I' @616  5376 (1500)
 - public static final 'GL_AND' 'I' @620  5377 (1501)
 - public static final 'GL_AND_REVERSE' 'I' @624  5378 (1502)
 - public static final 'GL_COPY' 'I' @628  5379 (1503)
 - public static final 'GL_AND_INVERTED' 'I' @632  5380 (1504)
 - public static final 'GL_NOOP' 'I' @636  5381 (1505)
 - public static final 'GL_XOR' 'I' @640  5382 (1506)
 - public static final 'GL_OR' 'I' @644  5383 (1507)
 - public static final 'GL_NOR' 'I' @648  5384 (1508)
 - public static final 'GL_EQUIV' 'I' @652  5385 (1509)
 - public static final 'GL_INVERT' 'I' @656  5386 (150a)
 - public static final 'GL_OR_REVERSE' 'I' @660  5387 (150b)
 - public static final 'GL_COPY_INVERTED' 'I' @664  5388 (150c)
 - public static final 'GL_OR_INVERTED' 'I' @668  5389 (150d)
 - public static final 'GL_NAND' 'I' @672  5390 (150e)
 - public static final 'GL_SET' 'I' @676  5391 (150f)
 - public static final 'GL_TEXTURE' 'I' @680  5890 (1702)
 - public static final 'GL_COLOR' 'I' @684  6144 (1800)
 - public static final 'GL_DEPTH' 'I' @688  6145 (1801)
 - public static final 'GL_STENCIL' 'I' @692  6146 (1802)
 - public static final 'GL_STENCIL_INDEX' 'I' @696  6401 (1901)
 - public static final 'GL_DEPTH_COMPONENT' 'I' @700  6402 (1902)
 - public static final 'GL_RED' 'I' @704  6403 (1903)
 - public static final 'GL_GREEN' 'I' @708  6404 (1904)
 - public static final 'GL_BLUE' 'I' @712  6405 (1905)
 - public static final 'GL_ALPHA' 'I' @716  6406 (1906)
 - public static final 'GL_RGB' 'I' @720  6407 (1907)
 - public static final 'GL_RGBA' 'I' @724  6408 (1908)
 - public static final 'GL_POINT' 'I' @728  6912 (1b00)
 - public static final 'GL_LINE' 'I' @732  6913 (1b01)
 - public static final 'GL_FILL' 'I' @736  6914 (1b02)
 - public static final 'GL_KEEP' 'I' @740  7680 (1e00)
 - public static final 'GL_REPLACE' 'I' @744  7681 (1e01)
 - public static final 'GL_INCR' 'I' @748  7682 (1e02)
 - public static final 'GL_DECR' 'I' @752  7683 (1e03)
 - public static final 'GL_VENDOR' 'I' @756  7936 (1f00)
 - public static final 'GL_RENDERER' 'I' @760  7937 (1f01)
 - public static final 'GL_VERSION' 'I' @764  7938 (1f02)
 - public static final 'GL_EXTENSIONS' 'I' @768  7939 (1f03)
 - public static final 'GL_NEAREST' 'I' @772  9728 (2600)
 - public static final 'GL_LINEAR' 'I' @776  9729 (2601)
 - public static final 'GL_NEAREST_MIPMAP_NEAREST' 'I' @780  9984 (2700)
 - public static final 'GL_LINEAR_MIPMAP_NEAREST' 'I' @784  9985 (2701)
 - public static final 'GL_NEAREST_MIPMAP_LINEAR' 'I' @788  9986 (2702)
 - public static final 'GL_LINEAR_MIPMAP_LINEAR' 'I' @792  9987 (2703)
 - public static final 'GL_TEXTURE_MAG_FILTER' 'I' @796  10240 (2800)
 - public static final 'GL_TEXTURE_MIN_FILTER' 'I' @800  10241 (2801)
 - public static final 'GL_TEXTURE_WRAP_S' 'I' @804  10242 (2802)
 - public static final 'GL_TEXTURE_WRAP_T' 'I' @808  10243 (2803)
 - public static final 'GL_REPEAT' 'I' @812  10497 (2901)
 - public static final 'GL_POLYGON_OFFSET_FACTOR' 'I' @816  32824 (8038)
 - public static final 'GL_POLYGON_OFFSET_UNITS' 'I' @820  10752 (2a00)
 - public static final 'GL_POLYGON_OFFSET_POINT' 'I' @824  10753 (2a01)
 - public static final 'GL_POLYGON_OFFSET_LINE' 'I' @828  10754 (2a02)
 - public static final 'GL_POLYGON_OFFSET_FILL' 'I' @832  32823 (8037)
 - public static final 'GL_R3_G3_B2' 'I' @836  10768 (2a10)
 - public static final 'GL_RGB4' 'I' @840  32847 (804f)
 - public static final 'GL_RGB5' 'I' @844  32848 (8050)
 - public static final 'GL_RGB8' 'I' @848  32849 (8051)
 - public static final 'GL_RGB10' 'I' @852  32850 (8052)
 - public static final 'GL_RGB12' 'I' @856  32851 (8053)
 - public static final 'GL_RGB16' 'I' @860  32852 (8054)
 - public static final 'GL_RGBA2' 'I' @864  32853 (8055)
 - public static final 'GL_RGBA4' 'I' @868  32854 (8056)
 - public static final 'GL_RGB5_A1' 'I' @872  32855 (8057)
 - public static final 'GL_RGBA8' 'I' @876  32856 (8058)
 - public static final 'GL_RGB10_A2' 'I' @880  32857 (8059)
 - public static final 'GL_RGBA12' 'I' @884  32858 (805a)
 - public static final 'GL_RGBA16' 'I' @888  32859 (805b)
 - public static final 'GL_TEXTURE_RED_SIZE' 'I' @892  32860 (805c)
 - public static final 'GL_TEXTURE_GREEN_SIZE' 'I' @896  32861 (805d)
 - public static final 'GL_TEXTURE_BLUE_SIZE' 'I' @900  32862 (805e)
 - public static final 'GL_TEXTURE_ALPHA_SIZE' 'I' @904  32863 (805f)
 - public static final 'GL_PROXY_TEXTURE_1D' 'I' @908  32867 (8063)
 - public static final 'GL_PROXY_TEXTURE_2D' 'I' @912  32868 (8064)
 - public static final 'GL_TEXTURE_BINDING_1D' 'I' @916  32872 (8068)
 - public static final 'GL_TEXTURE_BINDING_2D' 'I' @920  32873 (8069)
 - public static final 'GL_VERTEX_ARRAY' 'I' @924  32884 (8074)
R12=0x0 is NULL
R13=0x000001bd0b527ff0 is pointing into metadata
R14=0x0000008184dff6f8 is pointing into the stack for thread: 0x000001bca6167860
R15=0x000001bca6167860 is a thread


Top of Stack: (sp=0x0000008184dff658)
0x0000008184dff658:   000001bcb4f7d5d6 000001bd0b525000
0x0000008184dff668:   0000000000000000 000001bd0b4e5838
0x0000008184dff678:   000001bca6167860 000001bca6167860
0x0000008184dff688:   000001bcb4f7d2b6 0000008184dff690
0x0000008184dff698:   000001bd0b527ff0 0000008184dff6f8
0x0000008184dff6a8:   000001bd0b5315a0 0000000000000000
0x0000008184dff6b8:   0000000712bb0218 000001bd0b525000
0x0000008184dff6c8:   0000000000000000 0000008184dff6f8
0x0000008184dff6d8:   0000008184dff748 000001bcb4f794f0
0x0000008184dff6e8:   0000000712bb0218 000001bcb4f7af57
0x0000008184dff6f8:   0000000000000b71 0000008184dff700
0x0000008184dff708:   000001bd0b4e5811 0000008184dff758
0x0000008184dff718:   000001bd0b518000 0000000000000000
0x0000008184dff728:   0000000712b4d190 000001bd0b4e5838
0x0000008184dff738:   0000008184dff6f8 0000008184dff758
0x0000008184dff748:   0000008184dff7a8 000001bcb4f794f0 

Instructions: (pc=0x00007ffe8a95c42a)
0x00007ffe8a95c32a:   44 24 30 41 8b d1 44 8b 4c 24 38 8b cb 4c 8b 50
0x00007ffe8a95c33a:   18 5b 49 ff a2 40 0a 00 00 cc cc cc cc cc cc cc
0x00007ffe8a95c34a:   cc cc cc cc cc cc 48 8b 01 0f 28 cb f2 0f 10 5c
0x00007ffe8a95c35a:   24 30 0f 28 c2 f2 0f 10 54 24 28 48 8b 48 18 48
0x00007ffe8a95c36a:   ff a1 48 0a 00 00 48 8b 01 49 8b c8 48 8b 50 18
0x00007ffe8a95c37a:   48 ff a2 50 0a 00 00 cc cc cc cc cc cc cc cc cc
0x00007ffe8a95c38a:   cc cc cc cc cc cc 48 8b 01 49 8b c8 48 8b 50 18
0x00007ffe8a95c39a:   48 ff a2 58 0a 00 00 cc cc cc cc cc cc cc cc cc
0x00007ffe8a95c3aa:   cc cc cc cc cc cc 48 8b 01 49 8b c8 48 8b 50 18
0x00007ffe8a95c3ba:   48 ff a2 60 0a 00 00 cc cc cc cc cc cc cc cc cc
0x00007ffe8a95c3ca:   cc cc cc cc cc cc 48 8b 01 49 8b c8 48 8b 50 18
0x00007ffe8a95c3da:   48 ff a2 68 0a 00 00 cc cc cc cc cc cc cc cc cc
0x00007ffe8a95c3ea:   cc cc cc cc cc cc 40 53 48 8b 01 41 8b d8 44 8b
0x00007ffe8a95c3fa:   44 24 30 41 8b d1 4c 8b 4c 24 38 8b cb 4c 8b 50
0x00007ffe8a95c40a:   18 5b 49 ff a2 70 0a 00 00 cc cc cc cc cc cc cc
0x00007ffe8a95c41a:   cc cc cc cc cc cc 48 8b 01 41 8b c8 48 8b 50 18
0x00007ffe8a95c42a:   48 ff 22 cc cc cc 48 8b 01 41 8b c8 48 8b 50 18
0x00007ffe8a95c43a:   48 ff 62 08 cc cc 48 8b 01 41 8b d1 41 8b c8 4c
0x00007ffe8a95c44a:   8b 50 18 49 ff 62 38 cc cc cc cc cc cc cc cc cc
0x00007ffe8a95c45a:   cc cc cc cc cc cc 48 8b 01 41 8b d1 41 8b c8 4c
0x00007ffe8a95c46a:   8b 50 18 49 ff 62 48 cc cc cc cc cc cc cc cc cc
0x00007ffe8a95c47a:   cc cc cc cc cc cc 48 8b 01 41 8b c8 48 8b 50 18
0x00007ffe8a95c48a:   48 ff 62 60 cc cc 48 8b 01 0f 28 cb f3 0f 10 5c
0x00007ffe8a95c49a:   24 30 0f 28 c2 f3 0f 10 54 24 28 48 8b 48 18 48
0x00007ffe8a95c4aa:   ff 61 70 cc cc cc 48 8b 01 0f 28 c2 48 8b 48 18
0x00007ffe8a95c4ba:   48 ff 61 78 cc cc 48 8b 01 41 8b c8 48 8b 50 18
0x00007ffe8a95c4ca:   48 ff a2 88 00 00 00 cc cc cc cc cc cc cc cc cc
0x00007ffe8a95c4da:   cc cc cc cc cc cc 40 53 48 8b 01 41 0f b6 d8 44
0x00007ffe8a95c4ea:   0f b6 44 24 30 41 0f b6 d1 44 0f b6 4c 24 38 0f
0x00007ffe8a95c4fa:   b6 cb 4c 8b 50 18 5b 49 ff a2 98 01 00 00 cc cc
0x00007ffe8a95c50a:   cc cc cc cc cc cc 48 8b 01 41 8b c8 48 8b 50 18
0x00007ffe8a95c51a:   48 ff a2 b8 01 00 00 cc cc cc cc cc cc cc cc cc 


Stack slot to memory mapping:
stack at sp + 0 slots: 0x000001bcb4f7d5d6 is at code_begin+982 in an Interpreter codelet
method entry point (kind = native)  [0x000001bcb4f7d200, 0x000001bcb4f7db60]  2400 bytes
stack at sp + 1 slots: {method} {0x000001bd0b525008} 'glEnable' '(I)V' in 'org/lwjgl/opengl/GL11C'
stack at sp + 2 slots: 0x0 is NULL
stack at sp + 3 slots: {method} {0x000001bd0b4e5840} 'glEnable' '(I)V' in 'org/lwjgl/opengl/GL11'
stack at sp + 4 slots: 0x000001bca6167860 is a thread
stack at sp + 5 slots: 0x000001bca6167860 is a thread
stack at sp + 6 slots: 0x000001bcb4f7d2b6 is at code_begin+182 in an Interpreter codelet
method entry point (kind = native)  [0x000001bcb4f7d200, 0x000001bcb4f7db60]  2400 bytes
stack at sp + 7 slots: 0x0000008184dff690 is pointing into the stack for thread: 0x000001bca6167860


---------------  P R O C E S S  ---------------

Threads class SMR info:
_java_thread_list=0x000001bd0a18da80, length=12, elements={
0x000001bca6167860, 0x000001bd0a012db0, 0x000001bd0a013880, 0x000001bd0a02a280,
0x000001bd0a02ab50, 0x000001bd0a02b420, 0x000001bd0a02bcf0, 0x000001bd0a02c8f0,
0x000001bd0a0302d0, 0x000001bd0a047960, 0x000001bd0a18c270, 0x000001bd0a19c940
}

Java Threads: ( => current thread )
=>0x000001bca6167860 JavaThread "main" [_thread_in_native, id=24936, stack(0x0000008184d00000,0x0000008184e00000)]
  0x000001bd0a012db0 JavaThread "Reference Handler" daemon [_thread_blocked, id=27104, stack(0x0000008185400000,0x0000008185500000)]
  0x000001bd0a013880 JavaThread "Finalizer" daemon [_thread_blocked, id=27272, stack(0x0000008185500000,0x0000008185600000)]
  0x000001bd0a02a280 JavaThread "Signal Dispatcher" daemon [_thread_blocked, id=24972, stack(0x0000008185600000,0x0000008185700000)]
  0x000001bd0a02ab50 JavaThread "Attach Listener" daemon [_thread_blocked, id=23744, stack(0x0000008185700000,0x0000008185800000)]
  0x000001bd0a02b420 JavaThread "Service Thread" daemon [_thread_blocked, id=18940, stack(0x0000008185800000,0x0000008185900000)]
  0x000001bd0a02bcf0 JavaThread "Monitor Deflation Thread" daemon [_thread_blocked, id=3224, stack(0x0000008185900000,0x0000008185a00000)]
  0x000001bd0a02c8f0 JavaThread "C2 CompilerThread0" daemon [_thread_blocked, id=7500, stack(0x0000008185a00000,0x0000008185b00000)]
  0x000001bd0a0302d0 JavaThread "C1 CompilerThread0" daemon [_thread_blocked, id=19340, stack(0x0000008185b00000,0x0000008185c00000)]
  0x000001bd0a047960 JavaThread "Sweeper thread" daemon [_thread_blocked, id=15180, stack(0x0000008185c00000,0x0000008185d00000)]
  0x000001bd0a18c270 JavaThread "Notification Thread" daemon [_thread_blocked, id=10476, stack(0x0000008185d00000,0x0000008185e00000)]
  0x000001bd0a19c940 JavaThread "Common-Cleaner" daemon [_thread_blocked, id=27464, stack(0x0000008185f00000,0x0000008186000000)]

Other Threads:
  0x000001bd0a00e4f0 VMThread "VM Thread" [stack: 0x0000008185300000,0x0000008185400000] [id=26212]
  0x000001bca61f2270 WatcherThread [stack: 0x0000008185e00000,0x0000008185f00000] [id=5504]
  0x000001bca61d32a0 GCTaskThread "GC Thread#0" [stack: 0x0000008184e00000,0x0000008184f00000] [id=10532]
  0x000001bca61e4de0 ConcurrentGCThread "G1 Main Marker" [stack: 0x0000008184f00000,0x0000008185000000] [id=26056]
  0x000001bca61e5700 ConcurrentGCThread "G1 Conc#0" [stack: 0x0000008185000000,0x0000008185100000] [id=3096]
  0x000001bcc86b6fc0 ConcurrentGCThread "G1 Refine#0" [stack: 0x0000008185100000,0x0000008185200000] [id=9728]
  0x000001bcc86b77a0 ConcurrentGCThread "G1 Service" [stack: 0x0000008185200000,0x0000008185300000] [id=16116]

Threads with active compile tasks:

VM state: not at safepoint (normal execution)

VM Mutex/Monitor currently owned by a thread: None

Heap address: 0x0000000703200000, size: 4046 MB, Compressed Oops mode: Zero based, Oop shift amount: 3

CDS archive(s) mapped at: [0x000001bcc9000000-0x000001bcc9bd0000-0x000001bcc9bd0000), size 12386304, SharedBaseAddress: 0x000001bcc9000000, ArchiveRelocationMode: 1.
Compressed class space mapped at: 0x000001bcca000000-0x000001bd0a000000, reserved size: 1073741824
Narrow klass base: 0x000001bcc9000000, Narrow klass shift: 0, Narrow klass range: 0x100000000

GC Precious Log:
 CPUs: 8 total, 8 available
 Memory: 16183M
 Large Page Support: Disabled
 NUMA Support: Disabled
 Compressed Oops: Enabled (Zero based)
 Heap Region Size: 2M
 Heap Min Capacity: 8M
 Heap Initial Capacity: 254M
 Heap Max Capacity: 4046M
 Pre-touch: Disabled
 Parallel Workers: 8
 Concurrent Workers: 2
 Concurrent Refinement Workers: 8
 Periodic GC: Disabled

Heap:
 garbage-first heap   total 260096K, used 4096K [0x0000000703200000, 0x0000000800000000)
  region size 2048K, 3 young (6144K), 0 survivors (0K)
 Metaspace       used 2431K, committed 2624K, reserved 1114112K
  class space    used 156K, committed 256K, reserved 1048576K

Heap Regions: E=young(eden), S=young(survivor), O=old, HS=humongous(starts), HC=humongous(continues), CS=collection set, F=free, OA=open archive, CA=closed archive, TAMS=top-at-mark-start (previous, next)
|   0|0x0000000703200000, 0x0000000703200000, 0x0000000703400000|  0%| F|  |TAMS 0x0000000703200000, 0x0000000703200000| Untracked 
|   1|0x0000000703400000, 0x0000000703400000, 0x0000000703600000|  0%| F|  |TAMS 0x0000000703400000, 0x0000000703400000| Untracked 
|   2|0x0000000703600000, 0x0000000703600000, 0x0000000703800000|  0%| F|  |TAMS 0x0000000703600000, 0x0000000703600000| Untracked 
|   3|0x0000000703800000, 0x0000000703800000, 0x0000000703a00000|  0%| F|  |TAMS 0x0000000703800000, 0x0000000703800000| Untracked 
|   4|0x0000000703a00000, 0x0000000703a00000, 0x0000000703c00000|  0%| F|  |TAMS 0x0000000703a00000, 0x0000000703a00000| Untracked 
|   5|0x0000000703c00000, 0x0000000703c00000, 0x0000000703e00000|  0%| F|  |TAMS 0x0000000703c00000, 0x0000000703c00000| Untracked 
|   6|0x0000000703e00000, 0x0000000703e00000, 0x0000000704000000|  0%| F|  |TAMS 0x0000000703e00000, 0x0000000703e00000| Untracked 
|   7|0x0000000704000000, 0x0000000704000000, 0x0000000704200000|  0%| F|  |TAMS 0x0000000704000000, 0x0000000704000000| Untracked 
|   8|0x0000000704200000, 0x0000000704200000, 0x0000000704400000|  0%| F|  |TAMS 0x0000000704200000, 0x0000000704200000| Untracked 
|   9|0x0000000704400000, 0x0000000704400000, 0x0000000704600000|  0%| F|  |TAMS 0x0000000704400000, 0x0000000704400000| Untracked 
|  10|0x0000000704600000, 0x0000000704600000, 0x0000000704800000|  0%| F|  |TAMS 0x0000000704600000, 0x0000000704600000| Untracked 
|  11|0x0000000704800000, 0x0000000704800000, 0x0000000704a00000|  0%| F|  |TAMS 0x0000000704800000, 0x0000000704800000| Untracked 
|  12|0x0000000704a00000, 0x0000000704a00000, 0x0000000704c00000|  0%| F|  |TAMS 0x0000000704a00000, 0x0000000704a00000| Untracked 
|  13|0x0000000704c00000, 0x0000000704c00000, 0x0000000704e00000|  0%| F|  |TAMS 0x0000000704c00000, 0x0000000704c00000| Untracked 
|  14|0x0000000704e00000, 0x0000000704e00000, 0x0000000705000000|  0%| F|  |TAMS 0x0000000704e00000, 0x0000000704e00000| Untracked 
|  15|0x0000000705000000, 0x0000000705000000, 0x0000000705200000|  0%| F|  |TAMS 0x0000000705000000, 0x0000000705000000| Untracked 
|  16|0x0000000705200000, 0x0000000705200000, 0x0000000705400000|  0%| F|  |TAMS 0x0000000705200000, 0x0000000705200000| Untracked 
|  17|0x0000000705400000, 0x0000000705400000, 0x0000000705600000|  0%| F|  |TAMS 0x0000000705400000, 0x0000000705400000| Untracked 
|  18|0x0000000705600000, 0x0000000705600000, 0x0000000705800000|  0%| F|  |TAMS 0x0000000705600000, 0x0000000705600000| Untracked 
|  19|0x0000000705800000, 0x0000000705800000, 0x0000000705a00000|  0%| F|  |TAMS 0x0000000705800000, 0x0000000705800000| Untracked 
|  20|0x0000000705a00000, 0x0000000705a00000, 0x0000000705c00000|  0%| F|  |TAMS 0x0000000705a00000, 0x0000000705a00000| Untracked 
|  21|0x0000000705c00000, 0x0000000705c00000, 0x0000000705e00000|  0%| F|  |TAMS 0x0000000705c00000, 0x0000000705c00000| Untracked 
|  22|0x0000000705e00000, 0x0000000705e00000, 0x0000000706000000|  0%| F|  |TAMS 0x0000000705e00000, 0x0000000705e00000| Untracked 
|  23|0x0000000706000000, 0x0000000706000000, 0x0000000706200000|  0%| F|  |TAMS 0x0000000706000000, 0x0000000706000000| Untracked 
|  24|0x0000000706200000, 0x0000000706200000, 0x0000000706400000|  0%| F|  |TAMS 0x0000000706200000, 0x0000000706200000| Untracked 
|  25|0x0000000706400000, 0x0000000706400000, 0x0000000706600000|  0%| F|  |TAMS 0x0000000706400000, 0x0000000706400000| Untracked 
|  26|0x0000000706600000, 0x0000000706600000, 0x0000000706800000|  0%| F|  |TAMS 0x0000000706600000, 0x0000000706600000| Untracked 
|  27|0x0000000706800000, 0x0000000706800000, 0x0000000706a00000|  0%| F|  |TAMS 0x0000000706800000, 0x0000000706800000| Untracked 
|  28|0x0000000706a00000, 0x0000000706a00000, 0x0000000706c00000|  0%| F|  |TAMS 0x0000000706a00000, 0x0000000706a00000| Untracked 
|  29|0x0000000706c00000, 0x0000000706c00000, 0x0000000706e00000|  0%| F|  |TAMS 0x0000000706c00000, 0x0000000706c00000| Untracked 
|  30|0x0000000706e00000, 0x0000000706e00000, 0x0000000707000000|  0%| F|  |TAMS 0x0000000706e00000, 0x0000000706e00000| Untracked 
|  31|0x0000000707000000, 0x0000000707000000, 0x0000000707200000|  0%| F|  |TAMS 0x0000000707000000, 0x0000000707000000| Untracked 
|  32|0x0000000707200000, 0x0000000707200000, 0x0000000707400000|  0%| F|  |TAMS 0x0000000707200000, 0x0000000707200000| Untracked 
|  33|0x0000000707400000, 0x0000000707400000, 0x0000000707600000|  0%| F|  |TAMS 0x0000000707400000, 0x0000000707400000| Untracked 
|  34|0x0000000707600000, 0x0000000707600000, 0x0000000707800000|  0%| F|  |TAMS 0x0000000707600000, 0x0000000707600000| Untracked 
|  35|0x0000000707800000, 0x0000000707800000, 0x0000000707a00000|  0%| F|  |TAMS 0x0000000707800000, 0x0000000707800000| Untracked 
|  36|0x0000000707a00000, 0x0000000707a00000, 0x0000000707c00000|  0%| F|  |TAMS 0x0000000707a00000, 0x0000000707a00000| Untracked 
|  37|0x0000000707c00000, 0x0000000707c00000, 0x0000000707e00000|  0%| F|  |TAMS 0x0000000707c00000, 0x0000000707c00000| Untracked 
|  38|0x0000000707e00000, 0x0000000707e00000, 0x0000000708000000|  0%| F|  |TAMS 0x0000000707e00000, 0x0000000707e00000| Untracked 
|  39|0x0000000708000000, 0x0000000708000000, 0x0000000708200000|  0%| F|  |TAMS 0x0000000708000000, 0x0000000708000000| Untracked 
|  40|0x0000000708200000, 0x0000000708200000, 0x0000000708400000|  0%| F|  |TAMS 0x0000000708200000, 0x0000000708200000| Untracked 
|  41|0x0000000708400000, 0x0000000708400000, 0x0000000708600000|  0%| F|  |TAMS 0x0000000708400000, 0x0000000708400000| Untracked 
|  42|0x0000000708600000, 0x0000000708600000, 0x0000000708800000|  0%| F|  |TAMS 0x0000000708600000, 0x0000000708600000| Untracked 
|  43|0x0000000708800000, 0x0000000708800000, 0x0000000708a00000|  0%| F|  |TAMS 0x0000000708800000, 0x0000000708800000| Untracked 
|  44|0x0000000708a00000, 0x0000000708a00000, 0x0000000708c00000|  0%| F|  |TAMS 0x0000000708a00000, 0x0000000708a00000| Untracked 
|  45|0x0000000708c00000, 0x0000000708c00000, 0x0000000708e00000|  0%| F|  |TAMS 0x0000000708c00000, 0x0000000708c00000| Untracked 
|  46|0x0000000708e00000, 0x0000000708e00000, 0x0000000709000000|  0%| F|  |TAMS 0x0000000708e00000, 0x0000000708e00000| Untracked 
|  47|0x0000000709000000, 0x0000000709000000, 0x0000000709200000|  0%| F|  |TAMS 0x0000000709000000, 0x0000000709000000| Untracked 
|  48|0x0000000709200000, 0x0000000709200000, 0x0000000709400000|  0%| F|  |TAMS 0x0000000709200000, 0x0000000709200000| Untracked 
|  49|0x0000000709400000, 0x0000000709400000, 0x0000000709600000|  0%| F|  |TAMS 0x0000000709400000, 0x0000000709400000| Untracked 
|  50|0x0000000709600000, 0x0000000709600000, 0x0000000709800000|  0%| F|  |TAMS 0x0000000709600000, 0x0000000709600000| Untracked 
|  51|0x0000000709800000, 0x0000000709800000, 0x0000000709a00000|  0%| F|  |TAMS 0x0000000709800000, 0x0000000709800000| Untracked 
|  52|0x0000000709a00000, 0x0000000709a00000, 0x0000000709c00000|  0%| F|  |TAMS 0x0000000709a00000, 0x0000000709a00000| Untracked 
|  53|0x0000000709c00000, 0x0000000709c00000, 0x0000000709e00000|  0%| F|  |TAMS 0x0000000709c00000, 0x0000000709c00000| Untracked 
|  54|0x0000000709e00000, 0x0000000709e00000, 0x000000070a000000|  0%| F|  |TAMS 0x0000000709e00000, 0x0000000709e00000| Untracked 
|  55|0x000000070a000000, 0x000000070a000000, 0x000000070a200000|  0%| F|  |TAMS 0x000000070a000000, 0x000000070a000000| Untracked 
|  56|0x000000070a200000, 0x000000070a200000, 0x000000070a400000|  0%| F|  |TAMS 0x000000070a200000, 0x000000070a200000| Untracked 
|  57|0x000000070a400000, 0x000000070a400000, 0x000000070a600000|  0%| F|  |TAMS 0x000000070a400000, 0x000000070a400000| Untracked 
|  58|0x000000070a600000, 0x000000070a600000, 0x000000070a800000|  0%| F|  |TAMS 0x000000070a600000, 0x000000070a600000| Untracked 
|  59|0x000000070a800000, 0x000000070a800000, 0x000000070aa00000|  0%| F|  |TAMS 0x000000070a800000, 0x000000070a800000| Untracked 
|  60|0x000000070aa00000, 0x000000070aa00000, 0x000000070ac00000|  0%| F|  |TAMS 0x000000070aa00000, 0x000000070aa00000| Untracked 
|  61|0x000000070ac00000, 0x000000070ac00000, 0x000000070ae00000|  0%| F|  |TAMS 0x000000070ac00000, 0x000000070ac00000| Untracked 
|  62|0x000000070ae00000, 0x000000070ae00000, 0x000000070b000000|  0%| F|  |TAMS 0x000000070ae00000, 0x000000070ae00000| Untracked 
|  63|0x000000070b000000, 0x000000070b000000, 0x000000070b200000|  0%| F|  |TAMS 0x000000070b000000, 0x000000070b000000| Untracked 
|  64|0x000000070b200000, 0x000000070b200000, 0x000000070b400000|  0%| F|  |TAMS 0x000000070b200000, 0x000000070b200000| Untracked 
|  65|0x000000070b400000, 0x000000070b400000, 0x000000070b600000|  0%| F|  |TAMS 0x000000070b400000, 0x000000070b400000| Untracked 
|  66|0x000000070b600000, 0x000000070b600000, 0x000000070b800000|  0%| F|  |TAMS 0x000000070b600000, 0x000000070b600000| Untracked 
|  67|0x000000070b800000, 0x000000070b800000, 0x000000070ba00000|  0%| F|  |TAMS 0x000000070b800000, 0x000000070b800000| Untracked 
|  68|0x000000070ba00000, 0x000000070ba00000, 0x000000070bc00000|  0%| F|  |TAMS 0x000000070ba00000, 0x000000070ba00000| Untracked 
|  69|0x000000070bc00000, 0x000000070bc00000, 0x000000070be00000|  0%| F|  |TAMS 0x000000070bc00000, 0x000000070bc00000| Untracked 
|  70|0x000000070be00000, 0x000000070be00000, 0x000000070c000000|  0%| F|  |TAMS 0x000000070be00000, 0x000000070be00000| Untracked 
|  71|0x000000070c000000, 0x000000070c000000, 0x000000070c200000|  0%| F|  |TAMS 0x000000070c000000, 0x000000070c000000| Untracked 
|  72|0x000000070c200000, 0x000000070c200000, 0x000000070c400000|  0%| F|  |TAMS 0x000000070c200000, 0x000000070c200000| Untracked 
|  73|0x000000070c400000, 0x000000070c400000, 0x000000070c600000|  0%| F|  |TAMS 0x000000070c400000, 0x000000070c400000| Untracked 
|  74|0x000000070c600000, 0x000000070c600000, 0x000000070c800000|  0%| F|  |TAMS 0x000000070c600000, 0x000000070c600000| Untracked 
|  75|0x000000070c800000, 0x000000070c800000, 0x000000070ca00000|  0%| F|  |TAMS 0x000000070c800000, 0x000000070c800000| Untracked 
|  76|0x000000070ca00000, 0x000000070ca00000, 0x000000070cc00000|  0%| F|  |TAMS 0x000000070ca00000, 0x000000070ca00000| Untracked 
|  77|0x000000070cc00000, 0x000000070cc00000, 0x000000070ce00000|  0%| F|  |TAMS 0x000000070cc00000, 0x000000070cc00000| Untracked 
|  78|0x000000070ce00000, 0x000000070ce00000, 0x000000070d000000|  0%| F|  |TAMS 0x000000070ce00000, 0x000000070ce00000| Untracked 
|  79|0x000000070d000000, 0x000000070d000000, 0x000000070d200000|  0%| F|  |TAMS 0x000000070d000000, 0x000000070d000000| Untracked 
|  80|0x000000070d200000, 0x000000070d200000, 0x000000070d400000|  0%| F|  |TAMS 0x000000070d200000, 0x000000070d200000| Untracked 
|  81|0x000000070d400000, 0x000000070d400000, 0x000000070d600000|  0%| F|  |TAMS 0x000000070d400000, 0x000000070d400000| Untracked 
|  82|0x000000070d600000, 0x000000070d600000, 0x000000070d800000|  0%| F|  |TAMS 0x000000070d600000, 0x000000070d600000| Untracked 
|  83|0x000000070d800000, 0x000000070d800000, 0x000000070da00000|  0%| F|  |TAMS 0x000000070d800000, 0x000000070d800000| Untracked 
|  84|0x000000070da00000, 0x000000070da00000, 0x000000070dc00000|  0%| F|  |TAMS 0x000000070da00000, 0x000000070da00000| Untracked 
|  85|0x000000070dc00000, 0x000000070dc00000, 0x000000070de00000|  0%| F|  |TAMS 0x000000070dc00000, 0x000000070dc00000| Untracked 
|  86|0x000000070de00000, 0x000000070de00000, 0x000000070e000000|  0%| F|  |TAMS 0x000000070de00000, 0x000000070de00000| Untracked 
|  87|0x000000070e000000, 0x000000070e000000, 0x000000070e200000|  0%| F|  |TAMS 0x000000070e000000, 0x000000070e000000| Untracked 
|  88|0x000000070e200000, 0x000000070e200000, 0x000000070e400000|  0%| F|  |TAMS 0x000000070e200000, 0x000000070e200000| Untracked 
|  89|0x000000070e400000, 0x000000070e400000, 0x000000070e600000|  0%| F|  |TAMS 0x000000070e400000, 0x000000070e400000| Untracked 
|  90|0x000000070e600000, 0x000000070e600000, 0x000000070e800000|  0%| F|  |TAMS 0x000000070e600000, 0x000000070e600000| Untracked 
|  91|0x000000070e800000, 0x000000070e800000, 0x000000070ea00000|  0%| F|  |TAMS 0x000000070e800000, 0x000000070e800000| Untracked 
|  92|0x000000070ea00000, 0x000000070ea00000, 0x000000070ec00000|  0%| F|  |TAMS 0x000000070ea00000, 0x000000070ea00000| Untracked 
|  93|0x000000070ec00000, 0x000000070ec00000, 0x000000070ee00000|  0%| F|  |TAMS 0x000000070ec00000, 0x000000070ec00000| Untracked 
|  94|0x000000070ee00000, 0x000000070ee00000, 0x000000070f000000|  0%| F|  |TAMS 0x000000070ee00000, 0x000000070ee00000| Untracked 
|  95|0x000000070f000000, 0x000000070f000000, 0x000000070f200000|  0%| F|  |TAMS 0x000000070f000000, 0x000000070f000000| Untracked 
|  96|0x000000070f200000, 0x000000070f200000, 0x000000070f400000|  0%| F|  |TAMS 0x000000070f200000, 0x000000070f200000| Untracked 
|  97|0x000000070f400000, 0x000000070f400000, 0x000000070f600000|  0%| F|  |TAMS 0x000000070f400000, 0x000000070f400000| Untracked 
|  98|0x000000070f600000, 0x000000070f600000, 0x000000070f800000|  0%| F|  |TAMS 0x000000070f600000, 0x000000070f600000| Untracked 
|  99|0x000000070f800000, 0x000000070f800000, 0x000000070fa00000|  0%| F|  |TAMS 0x000000070f800000, 0x000000070f800000| Untracked 
| 100|0x000000070fa00000, 0x000000070fa00000, 0x000000070fc00000|  0%| F|  |TAMS 0x000000070fa00000, 0x000000070fa00000| Untracked 
| 101|0x000000070fc00000, 0x000000070fc00000, 0x000000070fe00000|  0%| F|  |TAMS 0x000000070fc00000, 0x000000070fc00000| Untracked 
| 102|0x000000070fe00000, 0x000000070fe00000, 0x0000000710000000|  0%| F|  |TAMS 0x000000070fe00000, 0x000000070fe00000| Untracked 
| 103|0x0000000710000000, 0x0000000710000000, 0x0000000710200000|  0%| F|  |TAMS 0x0000000710000000, 0x0000000710000000| Untracked 
| 104|0x0000000710200000, 0x0000000710200000, 0x0000000710400000|  0%| F|  |TAMS 0x0000000710200000, 0x0000000710200000| Untracked 
| 105|0x0000000710400000, 0x0000000710400000, 0x0000000710600000|  0%| F|  |TAMS 0x0000000710400000, 0x0000000710400000| Untracked 
| 106|0x0000000710600000, 0x0000000710600000, 0x0000000710800000|  0%| F|  |TAMS 0x0000000710600000, 0x0000000710600000| Untracked 
| 107|0x0000000710800000, 0x0000000710800000, 0x0000000710a00000|  0%| F|  |TAMS 0x0000000710800000, 0x0000000710800000| Untracked 
| 108|0x0000000710a00000, 0x0000000710a00000, 0x0000000710c00000|  0%| F|  |TAMS 0x0000000710a00000, 0x0000000710a00000| Untracked 
| 109|0x0000000710c00000, 0x0000000710c00000, 0x0000000710e00000|  0%| F|  |TAMS 0x0000000710c00000, 0x0000000710c00000| Untracked 
| 110|0x0000000710e00000, 0x0000000710e00000, 0x0000000711000000|  0%| F|  |TAMS 0x0000000710e00000, 0x0000000710e00000| Untracked 
| 111|0x0000000711000000, 0x0000000711000000, 0x0000000711200000|  0%| F|  |TAMS 0x0000000711000000, 0x0000000711000000| Untracked 
| 112|0x0000000711200000, 0x0000000711200000, 0x0000000711400000|  0%| F|  |TAMS 0x0000000711200000, 0x0000000711200000| Untracked 
| 113|0x0000000711400000, 0x0000000711400000, 0x0000000711600000|  0%| F|  |TAMS 0x0000000711400000, 0x0000000711400000| Untracked 
| 114|0x0000000711600000, 0x0000000711600000, 0x0000000711800000|  0%| F|  |TAMS 0x0000000711600000, 0x0000000711600000| Untracked 
| 115|0x0000000711800000, 0x0000000711800000, 0x0000000711a00000|  0%| F|  |TAMS 0x0000000711800000, 0x0000000711800000| Untracked 
| 116|0x0000000711a00000, 0x0000000711a00000, 0x0000000711c00000|  0%| F|  |TAMS 0x0000000711a00000, 0x0000000711a00000| Untracked 
| 117|0x0000000711c00000, 0x0000000711c00000, 0x0000000711e00000|  0%| F|  |TAMS 0x0000000711c00000, 0x0000000711c00000| Untracked 
| 118|0x0000000711e00000, 0x0000000711e00000, 0x0000000712000000|  0%| F|  |TAMS 0x0000000711e00000, 0x0000000711e00000| Untracked 
| 119|0x0000000712000000, 0x0000000712000000, 0x0000000712200000|  0%| F|  |TAMS 0x0000000712000000, 0x0000000712000000| Untracked 
| 120|0x0000000712200000, 0x0000000712200000, 0x0000000712400000|  0%| F|  |TAMS 0x0000000712200000, 0x0000000712200000| Untracked 
| 121|0x0000000712400000, 0x0000000712400000, 0x0000000712600000|  0%| F|  |TAMS 0x0000000712400000, 0x0000000712400000| Untracked 
| 122|0x0000000712600000, 0x0000000712600000, 0x0000000712800000|  0%| F|  |TAMS 0x0000000712600000, 0x0000000712600000| Untracked 
| 123|0x0000000712800000, 0x0000000712800000, 0x0000000712a00000|  0%| F|  |TAMS 0x0000000712800000, 0x0000000712800000| Untracked 
| 124|0x0000000712a00000, 0x0000000712be9700, 0x0000000712c00000| 95%| E|  |TAMS 0x0000000712a00000, 0x0000000712a00000| Complete 
| 125|0x0000000712c00000, 0x0000000712e00000, 0x0000000712e00000|100%| E|CS|TAMS 0x0000000712c00000, 0x0000000712c00000| Complete 
| 126|0x0000000712e00000, 0x0000000713000000, 0x0000000713000000|100%| E|CS|TAMS 0x0000000712e00000, 0x0000000712e00000| Complete 

Card table byte_map: [0x000001bcbd560000,0x000001bcbdd50000] _byte_map_base: 0x000001bcb9d47000

Marking Bits (Prev, Next): (CMBitMap*) 0x000001bca61d47e0, (CMBitMap*) 0x000001bca61d4820
 Prev Bits: [0x000001bcbe540000, 0x000001bcc2478000)
 Next Bits: [0x000001bcc2480000, 0x000001bcc63b8000)

Polling page: 0x000001bca4090000

Metaspace:

Usage:
  Non-class:      2.22 MB used.
      Class:    156.54 KB used.
       Both:      2.37 MB used.

Virtual space:
  Non-class space:       64.00 MB reserved,       2.31 MB (  4%) committed,  1 nodes.
      Class space:        1.00 GB reserved,     256.00 KB ( <1%) committed,  1 nodes.
             Both:        1.06 GB reserved,       2.56 MB ( <1%) committed. 

Chunk freelists:
   Non-Class:  10.80 MB
       Class:  15.66 MB
        Both:  26.46 MB

MaxMetaspaceSize: unlimited
CompressedClassSpaceSize: 1.00 GB
Initial GC threshold: 21.00 MB
Current GC threshold: 21.00 MB
CDS: on
MetaspaceReclaimPolicy: balanced
 - commit_granule_bytes: 65536.
 - commit_granule_words: 8192.
 - virtual_space_node_default_size: 8388608.
 - enlarge_chunks_in_place: 1.
 - new_chunks_are_fully_committed: 0.
 - uncommit_free_chunks: 1.
 - use_allocation_guard: 0.
 - handle_deallocations: 1.


Internal statistics:

num_allocs_failed_limit: 0.
num_arena_births: 62.
num_arena_deaths: 0.
num_vsnodes_births: 2.
num_vsnodes_deaths: 0.
num_space_committed: 41.
num_space_uncommitted: 0.
num_chunks_returned_to_freelist: 0.
num_chunks_taken_from_freelist: 132.
num_chunk_merges: 0.
num_chunk_splits: 81.
num_chunks_enlarged: 55.
num_inconsistent_stats: 0.

CodeHeap 'non-profiled nmethods': size=120000Kb used=165Kb max_used=165Kb free=119834Kb
 bounds [0x000001bcb5510000, 0x000001bcb5780000, 0x000001bcbca40000]
CodeHeap 'profiled nmethods': size=120000Kb used=690Kb max_used=690Kb free=119309Kb
 bounds [0x000001bcada40000, 0x000001bcadcb0000, 0x000001bcb4f70000]
CodeHeap 'non-nmethods': size=5760Kb used=1534Kb max_used=1548Kb free=4225Kb
 bounds [0x000001bcb4f70000, 0x000001bcb51e0000, 0x000001bcb5510000]
 total_blobs=1415 nmethods=485 adapters=843
 compilation: enabled
              stopped_count=0, restarted_count=0
 full_count=0

Compilation events (20 events):
Event: 0.767 Thread 0x000001bd0a0302d0  467       1       java.nio.DirectByteBuffer::base (2 bytes)
Event: 0.767 Thread 0x000001bd0a0302d0 nmethod 467 0x000001bcb5537a90 code [0x000001bcb5537c20, 0x000001bcb5537cf8]
Event: 0.767 Thread 0x000001bd0a0302d0  468       1       java.nio.ByteBuffer::base (5 bytes)
Event: 0.767 Thread 0x000001bd0a0302d0 nmethod 468 0x000001bcb5537d90 code [0x000001bcb5537f20, 0x000001bcb5537ff8]
Event: 0.767 Thread 0x000001bd0a0302d0  469       3       java.nio.Buffer::limit (65 bytes)
Event: 0.767 Thread 0x000001bd0a0302d0 nmethod 469 0x000001bcadae1f10 code [0x000001bcadae20c0, 0x000001bcadae2388]
Event: 0.767 Thread 0x000001bd0a0302d0  470       3       java.util.regex.Pattern$BmpCharProperty::match (55 bytes)
Event: 0.767 Thread 0x000001bd0a0302d0 nmethod 470 0x000001bcadae2490 code [0x000001bcadae2660, 0x000001bcadae2b08]
Event: 0.767 Thread 0x000001bd0a0302d0  471       3       java.util.regex.Pattern$$Lambda$19/0x800000025::is (9 bytes)
Event: 0.767 Thread 0x000001bd0a0302d0 nmethod 471 0x000001bcadae2c90 code [0x000001bcadae2e20, 0x000001bcadae2ff8]
Event: 0.767 Thread 0x000001bd0a0302d0  472       1       sun.nio.fs.NativeBuffer::address (5 bytes)
Event: 0.767 Thread 0x000001bd0a0302d0 nmethod 472 0x000001bcb5538090 code [0x000001bcb5538220, 0x000001bcb55382f8]
Event: 0.769 Thread 0x000001bd0a0302d0  473       3       java.util.Optional::empty (6 bytes)
Event: 0.769 Thread 0x000001bd0a02c8f0  474       4       java.lang.StringLatin1::indexOf (121 bytes)
Event: 0.769 Thread 0x000001bd0a0302d0 nmethod 473 0x000001bcadae3090 code [0x000001bcadae3220, 0x000001bcadae3318]
Event: 0.769 Thread 0x000001bd0a0302d0  475   !   3       java.net.URL::<init> (543 bytes)
Event: 0.772 Thread 0x000001bd0a02c8f0 nmethod 474 0x000001bcb5538390 code [0x000001bcb5538520, 0x000001bcb5538838]
Event: 0.772 Thread 0x000001bd0a02c8f0  481       4       jdk.internal.jimage.ImageStringsReader::unmaskedHashCode (166 bytes)
Event: 0.774 Thread 0x000001bd0a0302d0 nmethod 475 0x000001bcadae3390 code [0x000001bcadae3a20, 0x000001bcadae73c8]
Event: 0.774 Thread 0x000001bd0a0302d0  476       3       jdk.internal.module.SystemModuleFinders$SystemModuleReader::find (59 bytes)

GC Heap History (0 events):
No events

Deoptimization events (10 events):
Event: 0.167 Thread 0x000001bca6167860 DEOPT PACKING pc=0x000001bcada55fe7 sp=0x0000008184dfbe30
Event: 0.167 Thread 0x000001bca6167860 DEOPT UNPACKING pc=0x000001bcb4fc66e3 sp=0x0000008184dfb250 mode 0
Event: 0.180 Thread 0x000001bca6167860 DEOPT PACKING pc=0x000001bcada53cd1 sp=0x0000008184dfc390
Event: 0.180 Thread 0x000001bca6167860 DEOPT UNPACKING pc=0x000001bcb4fc66e3 sp=0x0000008184dfb808 mode 0
Event: 0.202 Thread 0x000001bca6167860 DEOPT PACKING pc=0x000001bcada69d65 sp=0x0000008184dfd470
Event: 0.202 Thread 0x000001bca6167860 DEOPT UNPACKING pc=0x000001bcb4fc66e3 sp=0x0000008184dfc8c0 mode 0
Event: 0.762 Thread 0x000001bca6167860 Uncommon trap: trap_request=0xffffff6e fr.pc=0x000001bcb5534598 relative=0x00000000000003f8
Event: 0.762 Thread 0x000001bca6167860 Uncommon trap: reason=loop_limit_check action=maybe_recompile pc=0x000001bcb5534598 method=java.lang.StringLatin1.indexOf([BI[BII)I @ 37 c2
Event: 0.762 Thread 0x000001bca6167860 DEOPT PACKING pc=0x000001bcb5534598 sp=0x0000008184dfdc00
Event: 0.762 Thread 0x000001bca6167860 DEOPT UNPACKING pc=0x000001bcb4fc5ba3 sp=0x0000008184dfdb60 mode 2

Classes unloaded (0 events):
No events

Classes redefined (0 events):
No events

Internal exceptions (20 events):
Event: 0.115 Thread 0x000001bca6167860 Exception <a 'java/lang/NoSuchMethodError'{0x0000000712c9b458}: 'java.lang.Object java.lang.invoke.DirectMethodHandle$Holder.invokeStaticInit(java.lang.Object)'> (0x0000000712c9b458) 
thrown [s\open\src\hotspot\share\interpreter\linkResolver.cpp, line 759]
Event: 0.126 Thread 0x000001bca6167860 Exception <a 'java/lang/NoSuchMethodError'{0x0000000712ceb0a0}: 'void java.lang.invoke.DirectMethodHandle$Holder.invokeStatic(java.lang.Object, java.lang.Object)'> (0x0000000712ceb0a0) 
thrown [s\open\src\hotspot\share\interpreter\linkResolver.cpp, line 759]
Event: 0.127 Thread 0x000001bca6167860 Exception <a 'java/lang/NoSuchMethodError'{0x0000000712cf08e8}: 'void java.lang.invoke.DirectMethodHandle$Holder.invokeSpecial(java.lang.Object, java.lang.Object, java.lang.Object)'> (0x0000000712cf08e8) 
thrown [s\open\src\hotspot\share\interpreter\linkResolver.cpp, line 759]
Event: 0.129 Thread 0x000001bca6167860 Exception <a 'java/lang/NoSuchMethodError'{0x0000000712d03ed8}: 'java.lang.Object java.lang.invoke.DirectMethodHandle$Holder.invokeStatic(java.lang.Object, java.lang.Object, int)'> (0x0000000712d03ed8) 
thrown [s\open\src\hotspot\share\interpreter\linkResolver.cpp, line 759]
Event: 0.130 Thread 0x000001bca6167860 Exception <a 'java/lang/NoSuchMethodError'{0x0000000712d0fc48}: 'void java.lang.invoke.DelegatingMethodHandle$Holder.delegate(java.lang.Object, java.lang.Object, int, java.lang.Object)'> (0x0000000712d0fc48) 
thrown [s\open\src\hotspot\share\interpreter\linkResolver.cpp, line 759]
Event: 0.131 Thread 0x000001bca6167860 Exception <a 'java/lang/NoSuchMethodError'{0x0000000712d13e88}: 'int java.lang.invoke.DirectMethodHandle$Holder.invokeSpecial(java.lang.Object, java.lang.Object, java.lang.Object)'> (0x0000000712d13e88) 
thrown [s\open\src\hotspot\share\interpreter\linkResolver.cpp, line 759]
Event: 0.163 Thread 0x000001bca6167860 Exception <a 'sun/nio/fs/WindowsException'{0x0000000712d992a8}> (0x0000000712d992a8) 
thrown [s\open\src\hotspot\share\prims\jni.cpp, line 516]
Event: 0.163 Thread 0x000001bca6167860 Exception <a 'sun/nio/fs/WindowsException'{0x0000000712d997f8}> (0x0000000712d997f8) 
thrown [s\open\src\hotspot\share\prims\jni.cpp, line 516]
Event: 0.174 Thread 0x000001bca6167860 Exception <a 'java/lang/NoSuchMethodError'{0x0000000712dce9b0}: 'int java.lang.invoke.DirectMethodHandle$Holder.invokeStaticInit(java.lang.Object, java.lang.Object, int, long)'> (0x0000000712dce9b0) 
thrown [s\open\src\hotspot\share\interpreter\linkResolver.cpp, line 759]
Event: 0.175 Thread 0x000001bca6167860 Exception <a 'java/lang/NoSuchMethodError'{0x0000000712dd4278}: 'java.lang.Object java.lang.invoke.DirectMethodHandle$Holder.newInvokeSpecial(java.lang.Object, java.lang.Object, int)'> (0x0000000712dd4278) 
thrown [s\open\src\hotspot\share\interpreter\linkResolver.cpp, line 759]
Event: 0.177 Thread 0x000001bca6167860 Exception <a 'java/lang/NoSuchMethodError'{0x0000000712de45d8}: 'int java.lang.invoke.DirectMethodHandle$Holder.invokeStaticInit(java.lang.Object, java.lang.Object, long, long)'> (0x0000000712de45d8) 
thrown [s\open\src\hotspot\share\interpreter\linkResolver.cpp, line 759]
Event: 0.178 Thread 0x000001bca6167860 Exception <a 'java/lang/NoSuchMethodError'{0x0000000712dea728}: 'java.lang.Object java.lang.invoke.DirectMethodHandle$Holder.newInvokeSpecial(java.lang.Object, java.lang.Object, long)'> (0x0000000712dea728) 
thrown [s\open\src\hotspot\share\interpreter\linkResolver.cpp, line 759]
Event: 0.178 Thread 0x000001bca6167860 Exception <a 'java/lang/NoSuchMethodError'{0x0000000712dee770}: 'java.lang.Object java.lang.invoke.Invokers$Holder.linkToTargetMethod(java.lang.Object, long, java.lang.Object)'> (0x0000000712dee770) 
thrown [s\open\src\hotspot\share\interpreter\linkResolver.cpp, line 759]
Event: 0.179 Thread 0x000001bca6167860 Exception <a 'java/lang/NoSuchMethodError'{0x0000000712df5e88}: 'int java.lang.invoke.DirectMethodHandle$Holder.invokeStaticInit(java.lang.Object, java.lang.Object, java.lang.Object, long)'> (0x0000000712df5e88) 
thrown [s\open\src\hotspot\share\interpreter\linkResolver.cpp, line 759]
Event: 0.201 Thread 0x000001bca6167860 Exception <a 'sun/nio/fs/WindowsException'{0x0000000712ab1c10}> (0x0000000712ab1c10) 
thrown [s\open\src\hotspot\share\prims\jni.cpp, line 516]
Event: 0.201 Thread 0x000001bca6167860 Exception <a 'sun/nio/fs/WindowsException'{0x0000000712ab1f70}> (0x0000000712ab1f70) 
thrown [s\open\src\hotspot\share\prims\jni.cpp, line 516]
Event: 0.767 Thread 0x000001bca6167860 Exception <a 'sun/nio/fs/WindowsException'{0x0000000712b79758}> (0x0000000712b79758) 
thrown [s\open\src\hotspot\share\prims\jni.cpp, line 516]
Event: 0.767 Thread 0x000001bca6167860 Exception <a 'sun/nio/fs/WindowsException'{0x0000000712b79b00}> (0x0000000712b79b00) 
thrown [s\open\src\hotspot\share\prims\jni.cpp, line 516]
Event: 0.771 Thread 0x000001bca6167860 Exception <a 'sun/nio/fs/WindowsException'{0x0000000712b81340}> (0x0000000712b81340) 
thrown [s\open\src\hotspot\share\prims\jni.cpp, line 516]
Event: 0.771 Thread 0x000001bca6167860 Exception <a 'sun/nio/fs/WindowsException'{0x0000000712b81620}> (0x0000000712b81620) 
thrown [s\open\src\hotspot\share\prims\jni.cpp, line 516]

VM Operations (2 events):
Event: 0.084 Executing VM operation: HandshakeAllThreads
Event: 0.084 Executing VM operation: HandshakeAllThreads done

Events (20 events):
Event: 0.169 loading class sun/misc/Unsafe done
Event: 0.170 loading class jdk/internal/reflect/UnsafeFieldAccessorFactory
Event: 0.170 loading class jdk/internal/reflect/UnsafeFieldAccessorFactory done
Event: 0.170 loading class jdk/internal/reflect/UnsafeQualifiedStaticObjectFieldAccessorImpl
Event: 0.170 loading class jdk/internal/reflect/UnsafeQualifiedStaticFieldAccessorImpl
Event: 0.170 loading class jdk/internal/reflect/UnsafeQualifiedStaticFieldAccessorImpl done
Event: 0.170 loading class jdk/internal/reflect/UnsafeQualifiedStaticObjectFieldAccessorImpl done
Event: 0.173 loading class java/util/function/LongPredicate
Event: 0.173 loading class java/util/function/LongPredicate done
Event: 0.175 loading class jdk/internal/access/foreign/MemorySegmentProxy
Event: 0.175 loading class jdk/internal/access/foreign/MemorySegmentProxy done
Event: 0.181 loading class java/nio/InvalidMarkException
Event: 0.181 loading class java/nio/InvalidMarkException done
Event: 0.181 loading class java/nio/BufferUnderflowException
Event: 0.181 loading class java/nio/BufferUnderflowException done
Event: 0.202 loading class java/lang/NoSuchFieldError
Event: 0.202 loading class java/lang/NoSuchFieldError done
Event: 0.207 loading class jdk/internal/reflect/UnsafeQualifiedStaticIntegerFieldAccessorImpl
Event: 0.207 loading class jdk/internal/reflect/UnsafeQualifiedStaticIntegerFieldAccessorImpl done
Event: 0.769 Loaded shared library C:\Users\abood\AppData\Local\Temp\lwjglabood\3.3.1-build-7\lwjgl_opengl.dll


Dynamic libraries:
0x00007ff688710000 - 0x00007ff688720000 	C:\Program Files\Java\jdk-17\bin\java.exe
0x00007ffec7fe0000 - 0x00007ffec8240000 	C:\WINDOWS\SYSTEM32\ntdll.dll
0x00007ffe99b00000 - 0x00007ffe99b1b000 	C:\Program Files\AVG\Antivirus\aswhook.dll
0x00007ffec7060000 - 0x00007ffec7127000 	C:\WINDOWS\System32\KERNEL32.DLL
0x00007ffec55f0000 - 0x00007ffec59ba000 	C:\WINDOWS\System32\KERNELBASE.dll
0x00007ffec5330000 - 0x00007ffec547b000 	C:\WINDOWS\System32\ucrtbase.dll
0x00007ffea5eb0000 - 0x00007ffea5ecb000 	C:\Program Files\Java\jdk-17\bin\VCRUNTIME140.dll
0x00007ffea5ed0000 - 0x00007ffea5ee9000 	C:\Program Files\Java\jdk-17\bin\jli.dll
0x00007ffec7ee0000 - 0x00007ffec7f92000 	C:\WINDOWS\System32\ADVAPI32.dll
0x00007ffec68d0000 - 0x00007ffec6979000 	C:\WINDOWS\System32\msvcrt.dll
0x00007ffec6b20000 - 0x00007ffec6bc6000 	C:\WINDOWS\System32\sechost.dll
0x00007ffec7be0000 - 0x00007ffec7cf6000 	C:\WINDOWS\System32\RPCRT4.dll
0x00007ffec5ea0000 - 0x00007ffec606c000 	C:\WINDOWS\System32\USER32.dll
0x00007ffec5480000 - 0x00007ffec54a7000 	C:\WINDOWS\System32\win32u.dll
0x00007ffec4460000 - 0x00007ffec46f7000 	C:\WINDOWS\WinSxS\amd64_microsoft.windows.common-controls_6595b64144ccf1df_6.0.26100.3624_none_3e086962e3345f24\COMCTL32.dll
0x00007ffec7550000 - 0x00007ffec757a000 	C:\WINDOWS\System32\GDI32.dll
0x00007ffec54b0000 - 0x00007ffec55e1000 	C:\WINDOWS\System32\gdi32full.dll
0x00007ffec5280000 - 0x00007ffec5323000 	C:\WINDOWS\System32\msvcp_win.dll
0x00007ffebd050000 - 0x00007ffebd05b000 	C:\WINDOWS\SYSTEM32\VERSION.dll
0x00007ffec6100000 - 0x00007ffec612f000 	C:\WINDOWS\System32\IMM32.DLL
0x00007ffea5ea0000 - 0x00007ffea5eac000 	C:\Program Files\Java\jdk-17\bin\vcruntime140_1.dll
0x00007ffe1da10000 - 0x00007ffe1da9e000 	C:\Program Files\Java\jdk-17\bin\msvcp140.dll
0x00007ffe1ce20000 - 0x00007ffe1da01000 	C:\Program Files\Java\jdk-17\bin\server\jvm.dll
0x00007ffec7580000 - 0x00007ffec7588000 	C:\WINDOWS\System32\PSAPI.DLL
0x00007ffeb22e0000 - 0x00007ffeb2316000 	C:\WINDOWS\SYSTEM32\WINMM.dll
0x00007ffea8b50000 - 0x00007ffea8b5a000 	C:\WINDOWS\SYSTEM32\WSOCK32.dll
0x00007ffec6080000 - 0x00007ffec60f4000 	C:\WINDOWS\System32\WS2_32.dll
0x00007ffec3730000 - 0x00007ffec374a000 	C:\WINDOWS\SYSTEM32\kernel.appcore.dll
0x00007ffea5e90000 - 0x00007ffea5e9a000 	C:\Program Files\Java\jdk-17\bin\jimage.dll
0x00007ffec49b0000 - 0x00007ffec4bf1000 	C:\WINDOWS\SYSTEM32\DBGHELP.DLL
0x00007ffec7600000 - 0x00007ffec7982000 	C:\WINDOWS\System32\combase.dll
0x00007ffec79b0000 - 0x00007ffec7a86000 	C:\WINDOWS\System32\OLEAUT32.dll
0x00007ffec48e0000 - 0x00007ffec4919000 	C:\WINDOWS\SYSTEM32\dbgcore.DLL
0x00007ffec5b40000 - 0x00007ffec5bd9000 	C:\WINDOWS\System32\bcryptPrimitives.dll
0x00007ffe8e710000 - 0x00007ffe8e735000 	C:\Program Files\Java\jdk-17\bin\java.dll
0x00007ffe1cd40000 - 0x00007ffe1ce17000 	C:\Program Files\Java\jdk-17\bin\jsvml.dll
0x00007ffec61a0000 - 0x00007ffec68c9000 	C:\WINDOWS\System32\SHELL32.dll
0x00007ffec5c70000 - 0x00007ffec5dd8000 	C:\WINDOWS\System32\wintypes.dll
0x00007ffec2570000 - 0x00007ffec2dc2000 	C:\WINDOWS\SYSTEM32\windows.storage.dll
0x00007ffec7a90000 - 0x00007ffec7b7d000 	C:\WINDOWS\System32\SHCORE.dll
0x00007ffec7590000 - 0x00007ffec75f4000 	C:\WINDOWS\System32\shlwapi.dll
0x00007ffec50d0000 - 0x00007ffec50ff000 	C:\WINDOWS\SYSTEM32\profapi.dll
0x00007ffe20390000 - 0x00007ffe203a9000 	C:\Program Files\Java\jdk-17\bin\net.dll
0x00007ffebe330000 - 0x00007ffebe44d000 	C:\WINDOWS\SYSTEM32\WINHTTP.dll
0x00007ffec3c00000 - 0x00007ffec3c6a000 	C:\WINDOWS\system32\mswsock.dll
0x00007ffe1cd20000 - 0x00007ffe1cd36000 	C:\Program Files\Java\jdk-17\bin\nio.dll
0x00007ffe1cd00000 - 0x00007ffe1cd18000 	C:\Program Files\Java\jdk-17\bin\zip.dll
0x00007ffe9bf10000 - 0x00007ffe9bf85000 	C:\Users\abood\AppData\Local\Temp\lwjglabood\3.3.1-build-7\lwjgl.dll
0x00007ffe9bea0000 - 0x00007ffe9bf01000 	C:\Users\abood\AppData\Local\Temp\lwjglabood\3.3.1-build-7\glfw.dll
0x00007ffe8eb50000 - 0x00007ffe8eb9b000 	C:\WINDOWS\SYSTEM32\dinput8.dll
0x00007ffea8c20000 - 0x00007ffea8c32000 	C:\WINDOWS\SYSTEM32\xinput1_4.dll
0x00007ffec4df0000 - 0x00007ffec4e4f000 	C:\WINDOWS\SYSTEM32\cfgmgr32.dll
0x00007ffec4e60000 - 0x00007ffec4e8d000 	C:\WINDOWS\SYSTEM32\DEVOBJ.dll
0x00007ffeae750000 - 0x00007ffeae930000 	C:\WINDOWS\SYSTEM32\inputhost.dll
0x00007ffec0d70000 - 0x00007ffec0e96000 	C:\WINDOWS\SYSTEM32\CoreMessaging.dll
0x00007ffec1d90000 - 0x00007ffec1dc6000 	C:\WINDOWS\SYSTEM32\dwmapi.dll
0x00007ffec14d0000 - 0x00007ffec157e000 	C:\WINDOWS\system32\uxtheme.dll
0x00007ffec4160000 - 0x00007ffec416c000 	C:\WINDOWS\SYSTEM32\CRYPTBASE.DLL
0x00007ffec7130000 - 0x00007ffec728d000 	C:\WINDOWS\System32\MSCTF.dll
0x00007ffe87c40000 - 0x00007ffe87d4c000 	C:\WINDOWS\SYSTEM32\opengl32.dll
0x00007ffe8c5c0000 - 0x00007ffe8c5ed000 	C:\WINDOWS\SYSTEM32\GLU32.dll
0x00007ffec1740000 - 0x00007ffec1787000 	C:\WINDOWS\SYSTEM32\dxcore.dll
0x00007ffec1790000 - 0x00007ffec17ee000 	C:\WINDOWS\SYSTEM32\directxdatabasehelper.dll
0x00007ffeac460000 - 0x00007ffeac47a000 	C:\WINDOWS\SYSTEM32\windows.staterepositorycore.dll
0x00007ffe6de50000 - 0x00007ffe71783000 	C:\WINDOWS\System32\DriverStore\FileRepository\nvlt.inf_amd64_f08209179a3354de\nvoglv64.dll
0x00007ffec6bd0000 - 0x00007ffec7056000 	C:\WINDOWS\System32\SETUPAPI.dll
0x00007ffec6980000 - 0x00007ffec6b16000 	C:\WINDOWS\System32\ole32.dll
0x00007ffec50a0000 - 0x00007ffec50c6000 	C:\WINDOWS\SYSTEM32\bcrypt.dll
0x00007ffec1300000 - 0x00007ffec1316000 	C:\WINDOWS\SYSTEM32\WTSAPI32.dll
0x00007ffec41b0000 - 0x00007ffec41c3000 	C:\WINDOWS\SYSTEM32\msasn1.dll
0x00007ffebc8b0000 - 0x00007ffebc8eb000 	C:\WINDOWS\SYSTEM32\cryptnet.dll
0x00007ffec59c0000 - 0x00007ffec5b37000 	C:\WINDOWS\System32\CRYPT32.dll
0x00007ffec3f60000 - 0x00007ffec40dc000 	C:\WINDOWS\SYSTEM32\drvstore.dll
0x00007ffec3f00000 - 0x00007ffec3f5d000 	C:\WINDOWS\SYSTEM32\wldp.dll
0x00007ffec5be0000 - 0x00007ffec5c5f000 	C:\WINDOWS\System32\WINTRUST.dll
0x00007ffec4c00000 - 0x00007ffec4c35000 	C:\WINDOWS\SYSTEM32\ntmarta.dll
0x00007ffe80080000 - 0x00007ffe80339000 	C:\WINDOWS\system32\nvspcap64.dll
0x00007ffec4c40000 - 0x00007ffec4c9e000 	C:\WINDOWS\SYSTEM32\powrprof.dll
0x00007ffec48c0000 - 0x00007ffec48d4000 	C:\WINDOWS\SYSTEM32\UMPDC.dll
0x00007ffec3170000 - 0x00007ffec31d7000 	C:\WINDOWS\SYSTEM32\WINSTA.dll
0x00007ffec1800000 - 0x00007ffec192e000 	C:\WINDOWS\system32\dxgi.dll
0x00007ffec0480000 - 0x00007ffec06e6000 	C:\WINDOWS\system32\d3d11.dll
0x00007ffe85e20000 - 0x00007ffe85ede000 	C:\WINDOWS\System32\DriverStore\FileRepository\nvlt.inf_amd64_f08209179a3354de\nvldumdx.dll
0x00007ffec5e60000 - 0x00007ffec5e80000 	C:\WINDOWS\System32\imagehlp.dll
0x00007ffec4dd0000 - 0x00007ffec4dec000 	C:\WINDOWS\SYSTEM32\CRYPTSP.dll
0x00007ffec4170000 - 0x00007ffec41aa000 	C:\WINDOWS\system32\rsaenh.dll
0x00007ffe80860000 - 0x00007ffe83eec000 	C:\WINDOWS\System32\DriverStore\FileRepository\nvlt.inf_amd64_f08209179a3354de\nvwgf2umx.dll
0x00007ffeadde0000 - 0x00007ffeae550000 	C:\WINDOWS\SYSTEM32\nvapi64.dll
0x00007ffebbf90000 - 0x00007ffebc315000 	C:\WINDOWS\System32\DriverStore\FileRepository\iigd_dch.inf_amd64_a4c5029a9cea195e\igd10iumd64.dll
0x00007ffec1130000 - 0x00007ffec11cc000 	C:\WINDOWS\SYSTEM32\apphelp.dll
0x00007ffebaeb0000 - 0x00007ffebbf83000 	C:\WINDOWS\System32\DriverStore\FileRepository\iigd_dch.inf_amd64_a4c5029a9cea195e\igd10um64xe.DLL
0x00007ffec42e0000 - 0x00007ffec4310000 	C:\WINDOWS\SYSTEM32\ncrypt.dll
0x00007ffec4290000 - 0x00007ffec42cf000 	C:\WINDOWS\SYSTEM32\NTASN1.dll
0x00007ffeb76b0000 - 0x00007ffeb76e9000 	C:\WINDOWS\SYSTEM32\ControlLib.dll
0x00007ffeb7600000 - 0x00007ffeb7664000 	C:\WINDOWS\System32\DriverStore\FileRepository\iigd_dch.inf_amd64_a4c5029a9cea195e\IntelControlLib.dll
0x00007ffeb71a0000 - 0x00007ffeb7589000 	C:\WINDOWS\System32\DriverStore\FileRepository\iigd_dch.inf_amd64_a4c5029a9cea195e\igdgmm64.dll
0x00007ffeb3a10000 - 0x00007ffeb7147000 	C:\WINDOWS\System32\DriverStore\FileRepository\iigd_dch.inf_amd64_a4c5029a9cea195e\igc64.dll
0x00007ffec06f0000 - 0x00007ffec0915000 	C:\WINDOWS\SYSTEM32\dcomp.dll
0x00007ffebf4e0000 - 0x00007ffebf4f9000 	C:\WINDOWS\SYSTEM32\Microsoft.Internal.WarpPal.dll
0x00007ffeae600000 - 0x00007ffeae749000 	C:\WINDOWS\SYSTEM32\textinputframework.dll
0x00007ffe9da70000 - 0x00007ffe9dadb000 	C:\WINDOWS\system32\Oleacc.dll
0x00007ffe8a950000 - 0x00007ffe8a9ad000 	C:\Users\abood\AppData\Local\Temp\lwjglabood\3.3.1-build-7\lwjgl_opengl.dll

dbghelp: loaded successfully - version: 4.0.5 - missing functions: none
symbol engine: initialized successfully - sym options: 0x614 - pdb path: .;C:\Program Files\Java\jdk-17\bin;C:\WINDOWS\SYSTEM32;C:\Program Files\AVG\Antivirus;C:\WINDOWS\WinSxS\amd64_microsoft.windows.common-controls_6595b64144ccf1df_6.0.26100.3624_none_3e086962e3345f24;C:\Program Files\Java\jdk-17\bin\server;C:\Users\abood\AppData\Local\Temp\lwjglabood\3.3.1-build-7;C:\WINDOWS\System32\DriverStore\FileRepository\nvlt.inf_amd64_f08209179a3354de;C:\WINDOWS\System32\DriverStore\FileRepository\iigd_dch.inf_amd64_a4c5029a9cea195e

VM Arguments:
jvm_args: -Dfile.encoding=windows-1256 -Duser.country=SA -Duser.language=ar -Duser.variant 
java_command: Main
java_class_path (initial): C:\Users\abood\OneDrive\Desktop\mine\ComputerGraphics\MinecraftEngine\build\classes\java\main;C:\Users\abood\OneDrive\Desktop\mine\ComputerGraphics\MinecraftEngine\build\resources\main;C:\Users\abood\.gradle\caches\modules-2\files-2.1\org.lwjgl\lwjgl-glfw\3.3.1\cbac1b8d30cb4795149c1ef540f912671a8616d0\lwjgl-glfw-3.3.1.jar;C:\Users\abood\.gradle\caches\modules-2\files-2.1\org.lwjgl\lwjgl-glfw\3.3.1\ed892f945cf7e79c8756796f32d00fa4ceaf573b\lwjgl-glfw-3.3.1-natives-windows.jar;C:\Users\abood\.gradle\caches\modules-2\files-2.1\org.lwjgl\lwjgl-opengl\3.3.1\831a5533a21a5f4f81bbc51bb13e9899319b5411\lwjgl-opengl-3.3.1.jar;C:\Users\abood\.gradle\caches\modules-2\files-2.1\org.lwjgl\lwjgl-opengl\3.3.1\c1807e9bd571402787d7e37e3029776ae2513bb8\lwjgl-opengl-3.3.1-natives-windows.jar;C:\Users\abood\.gradle\caches\modules-2\files-2.1\org.lwjgl\lwjgl-stb\3.3.1\b119297cf8ed01f247abe8685857f8e7fcf5980f\lwjgl-stb-3.3.1.jar;C:\Users\abood\.gradle\caches\modules-2\files-2.1\org.lwjgl\lwjgl-stb\3.3.1\86315914ac119efdb02dc9e8e978ade84f1702af\lwjgl-stb-3.3.1-natives-windows.jar;C:\Users\abood\.gradle\caches\modules-2\files-2.1\org.lwjgl\lwjgl\3.3.1\ae58664f88e18a9bb2c77b063833ca7aaec484cb\lwjgl-3.3.1.jar;C:\Users\abood\.gradle\caches\modules-2\files-2.1\org.lwjgl\lwjgl\3.3.1\36c37f16ab611b3aa11f3bcf80b1d509b4ce6b\lwjgl-3.3.1-natives-windows.jar;C:\Users\abood\.gradle\caches\modules-2\files-2.1\org.joml\joml\1.10.5\22566d58af70ad3d72308bab63b8339906deb649\joml-1.10.5.jar
Launcher Type: SUN_STANDARD

[Global flags]
     intx CICompilerCount                          = 4                                         {product} {ergonomic}
     uint ConcGCThreads                            = 2                                         {product} {ergonomic}
     uint G1ConcRefinementThreads                  = 8                                         {product} {ergonomic}
   size_t G1HeapRegionSize                         = 2097152                                   {product} {ergonomic}
    uintx GCDrainStackTargetSize                   = 64                                        {product} {ergonomic}
   size_t InitialHeapSize                          = 266338304                                 {product} {ergonomic}
   size_t MarkStackSize                            = 4194304                                   {product} {ergonomic}
   size_t MaxHeapSize                              = 4242538496                                {product} {ergonomic}
   size_t MaxNewSize                               = 2543845376                                {product} {ergonomic}
   size_t MinHeapDeltaBytes                        = 2097152                                   {product} {ergonomic}
   size_t MinHeapSize                              = 8388608                                   {product} {ergonomic}
    uintx NonNMethodCodeHeapSize                   = 5839372                                {pd product} {ergonomic}
    uintx NonProfiledCodeHeapSize                  = 122909434                              {pd product} {ergonomic}
    uintx ProfiledCodeHeapSize                     = 122909434                              {pd product} {ergonomic}
    uintx ReservedCodeCacheSize                    = 251658240                              {pd product} {ergonomic}
     bool SegmentedCodeCache                       = true                                      {product} {ergonomic}
   size_t SoftMaxHeapSize                          = 4242538496                             {manageable} {ergonomic}
     bool UseCompressedClassPointers               = true                           {product lp64_product} {ergonomic}
     bool UseCompressedOops                        = true                           {product lp64_product} {ergonomic}
     bool UseG1GC                                  = true                                      {product} {ergonomic}
     bool UseLargePagesIndividualAllocation        = false                                  {pd product} {ergonomic}

Logging:
Log output configuration:
 #0: stdout all=warning uptime,level,tags
 #1: stderr all=off uptime,level,tags

Environment Variables:
CLASSPATH=C:\Users\abood\OneDrive\Desktop\mine\ComputerGraphics\MinecraftEngine\\gradle\wrapper\gradle-wrapper.jar
PATH=C:\Program Files\Common Files\Oracle\Java\javapath;C:\Program Files (x86)\VMware\VMware Player\bin\;C:\Windows\system32;C:\Windows;C:\Windows\System32\Wbem;C:\Windows\System32\WindowsPowerShell\v1.0\;C:\Windows\System32\OpenSSH\;C:\Program Files (x86)\NVIDIA Corporation\PhysX\Common;C:\Program Files\NVIDIA Corporation\NVIDIA NvDLISR;C:\Program Files (x86)\QuickTime\QTSystem\;C:\Program Files\dotnet\;C:\Program Files (x86)\IVI Foundation\VISA\WinNT\Bin;C:\WINDOWS\system32;C:\WINDOWS;C:\WINDOWS\System32\Wbem;C:\WINDOWS\System32\WindowsPowerShell\v1.0\;C:\WINDOWS\System32\OpenSSH\;C:\Program Files\Git\cmd;C:\Program Files\nodejs\;C:\Program Files\Docker\Docker\resources\bin;C:\Program Files\MySQL\MySQL Shell 8.0\bin\;C:\Users\abood\AppData\Local\Microsoft\WindowsApps;C:\MinGW\bin;C:\Users\abood\OneDrive\Desktop\modelsim_ase\win32aloem;C:\Program Files\MySQL\MySQL Server 8.0\bin;C:\Users\abood\AppData\Local\Programs\Microsoft VS Code\bin;C:\Program Files (x86)\Nmap;
USERNAME=abood
OS=Windows_NT
PROCESSOR_IDENTIFIER=Intel64 Family 6 Model 140 Stepping 1, GenuineIntel



---------------  S Y S T E M  ---------------

OS:
 Windows 11 , 64 bit Build 26100 (10.0.26100.3775)
OS uptime: 0 days 0:25 hours

CPU: total 8 (initial active 8) (4 cores per cpu, 2 threads per core) family 6 model 140 stepping 1 microcode 0x66, cx8, cmov, fxsr, ht, mmx, 3dnowpref, sse, sse2, sse3, ssse3, sse4.1, sse4.2, popcnt, lzcnt, tsc, tscinvbit, avx, avx2, aes, erms, clmul, bmi1, bmi2, adx, avx512f, avx512dq, avx512cd, avx512bw, avx512vl, sha, fma, vzeroupper, avx512_vpopcntdq, avx512_vpclmulqdq, avx512_vaes, avx512_vnni, clflush, clflushopt, clwb, avx512_vbmi2, avx512_vbmi

Memory: 4k page, system-wide physical 16183M (2281M free)
TotalPageFile size 23095M (AvailPageFile size 4550M)
current process WorkingSet (physical memory assigned to process): 114M, peak: 118M
current process commit charge ("private bytes"): 441M, peak: 441M

vm_info: Java HotSpot(TM) 64-Bit Server VM (17.0.14+8-LTS-191) for windows-amd64 JRE (17.0.14+8-LTS-191), built on Dec  3 2024 11:07:59 by "mach5one" with MS VC++ 17.6 (VS2022)

END.
